19-08-2016 14:53:18 INFO  ExecuteShellCommand:53 - logging in to the cluster node nodesInCluster
19-08-2016 14:59:27 INFO  ExecuteShellCommand:53 - user root
19-08-2016 14:59:29 INFO  ExecuteShellCommand:53 - operation touch
19-08-2016 14:59:35 INFO  ExecuteShellCommand:53 - fName  /test/a.txt
19-08-2016 15:00:57 INFO  ExecuteShellCommand:53 - logging in to the cluster node nodesInCluster
19-08-2016 15:01:07 ERROR ExecuteShellCommand:59 - ssh: Could not resolve hostname nodesincluster: Temporary failure in name resolution
19-08-2016 15:02:14 INFO  ExecuteShellCommand:53 - user root
19-08-2016 15:02:15 INFO  ExecuteShellCommand:53 - operation touch
19-08-2016 15:02:17 INFO  ExecuteShellCommand:53 - fName  /test/a.txt
19-08-2016 15:02:20 INFO  ExecuteShellCommand:53 - logging in to the cluster node 139.59.16.172
19-08-2016 15:02:43 ERROR ExecuteShellCommand:59 - @@@@@@@@@@@@@@@@@@@@@@@@@@@@@@@@@@@@@@@@@@@@@@@@@@@@@@@@@@@
19-08-2016 15:02:49 ERROR ExecuteShellCommand:59 - @    WARNING: REMOTE HOST IDENTIFICATION HAS CHANGED!     @
19-08-2016 15:02:53 ERROR ExecuteShellCommand:59 - @@@@@@@@@@@@@@@@@@@@@@@@@@@@@@@@@@@@@@@@@@@@@@@@@@@@@@@@@@@
19-08-2016 15:02:57 ERROR ExecuteShellCommand:59 - IT IS POSSIBLE THAT SOMEONE IS DOING SOMETHING NASTY!
19-08-2016 16:25:35 INFO  ExecuteShellCommand:54 - user root
19-08-2016 16:25:35 INFO  ExecuteShellCommand:54 - operation touch
19-08-2016 16:25:35 INFO  ExecuteShellCommand:54 - fName  /test/a.txt
19-08-2016 16:25:35 INFO  ExecuteShellCommand:54 - create Node Files if successful then create zookeeper files
19-08-2016 16:25:35 INFO  ExecuteShellCommand:54 - logging in to the cluster node 139.59.22.184
19-08-2016 16:25:36 ERROR ExecuteShellCommand:62 - Error: Could not find or load main class SNAPSHOT.jar
19-08-2016 16:26:11 INFO  ExecuteShellCommand:54 - user root
19-08-2016 16:26:12 INFO  ExecuteShellCommand:54 - operation touch
19-08-2016 16:26:12 INFO  ExecuteShellCommand:54 - fName  /test/a.txt
19-08-2016 16:26:18 INFO  ExecuteShellCommand:54 - create Node Files if successful then create zookeeper files
19-08-2016 16:26:21 INFO  ExecuteShellCommand:54 - logging in to the cluster node 139.59.22.184
19-08-2016 16:28:35 INFO  ExecuteShellCommand:54 - user root
19-08-2016 16:28:35 INFO  ExecuteShellCommand:54 - operation touch
19-08-2016 16:28:35 INFO  ExecuteShellCommand:54 - fName  /test/a.txt
19-08-2016 16:28:35 INFO  ExecuteShellCommand:54 - create Node Files if successful then create zookeeper files
19-08-2016 16:28:35 INFO  ExecuteShellCommand:54 - logging in to the cluster node 139.59.22.184
19-08-2016 16:28:36 ERROR ExecuteShellCommand:62 - Exception in thread "main" java.lang.NoClassDefFoundError: org/slf4j/LoggerFactory
19-08-2016 16:28:36 ERROR ExecuteShellCommand:62 - 	at com.talentica.hungryhippos.filesystem.NodeFileSystem.<clinit>(NodeFileSystem.java:27)
19-08-2016 16:28:36 ERROR ExecuteShellCommand:62 - 	at com.talentica.hungryhippos.filesystem.main.NodeFileSystemMain.main(NodeFileSystemMain.java:11)
19-08-2016 16:28:36 ERROR ExecuteShellCommand:62 - Caused by: java.lang.ClassNotFoundException: org.slf4j.LoggerFactory
19-08-2016 16:28:36 ERROR ExecuteShellCommand:62 - 	at java.net.URLClassLoader.findClass(URLClassLoader.java:381)
19-08-2016 16:28:36 ERROR ExecuteShellCommand:62 - 	at java.lang.ClassLoader.loadClass(ClassLoader.java:424)
19-08-2016 16:28:36 ERROR ExecuteShellCommand:62 - 	at sun.misc.Launcher$AppClassLoader.loadClass(Launcher.java:331)
19-08-2016 16:28:36 ERROR ExecuteShellCommand:62 - 	at java.lang.ClassLoader.loadClass(ClassLoader.java:357)
19-08-2016 16:28:36 ERROR ExecuteShellCommand:62 - 	... 2 more
19-08-2016 16:28:57 INFO  ExecuteShellCommand:54 - user root
19-08-2016 16:28:58 INFO  ExecuteShellCommand:54 - operation touch
19-08-2016 16:28:58 INFO  ExecuteShellCommand:54 - fName  /test/a.txt
19-08-2016 16:29:02 INFO  ExecuteShellCommand:54 - create Node Files if successful then create zookeeper files
19-08-2016 16:29:03 INFO  ExecuteShellCommand:54 - logging in to the cluster node 139.59.22.184
19-08-2016 16:44:48 INFO  ExecuteShellCommand:54 - user root
19-08-2016 16:44:49 INFO  ExecuteShellCommand:54 - operation touch
19-08-2016 16:44:49 INFO  ExecuteShellCommand:54 - fName  /test/a.txt
19-08-2016 16:44:50 INFO  ExecuteShellCommand:54 - create Node Files if successful then create zookeeper files
19-08-2016 16:44:50 INFO  ExecuteShellCommand:54 - logging in to the cluster node 139.59.22.184
19-08-2016 16:45:12 ERROR NodesManagerContext:51 - Nodes Manager not initialized
19-08-2016 16:58:44 INFO  ExecuteShellCommand:54 - user root
19-08-2016 16:58:44 INFO  ExecuteShellCommand:54 - operation touch
19-08-2016 16:58:44 INFO  ExecuteShellCommand:54 - fName  /test/a.txt
19-08-2016 16:58:44 INFO  ExecuteShellCommand:54 - create Node Files if successful then create zookeeper files
19-08-2016 16:58:44 INFO  ExecuteShellCommand:54 - logging in to the cluster node 139.59.22.184
19-08-2016 16:58:45 ERROR NodesManagerContext:51 - Nodes Manager not initialized
19-08-2016 17:08:25 INFO  ExecuteShellCommand:54 - user root
19-08-2016 17:08:25 INFO  ExecuteShellCommand:54 - operation touch
19-08-2016 17:08:25 INFO  ExecuteShellCommand:54 - fName  /test/a.txt
19-08-2016 17:08:25 INFO  ExecuteShellCommand:54 - create Node Files if successful then create zookeeper files
19-08-2016 17:08:25 INFO  ExecuteShellCommand:54 - logging in to the cluster node 139.59.22.184
19-08-2016 17:08:26 INFO  ExecuteShellCommand:54 - user root
19-08-2016 17:08:26 INFO  ExecuteShellCommand:54 - operation touch
19-08-2016 17:08:26 INFO  ExecuteShellCommand:54 - fName  /test/a.txt
19-08-2016 17:08:26 INFO  ExecuteShellCommand:54 - create Node Files if successful then create zookeeper files
19-08-2016 17:08:26 INFO  ExecuteShellCommand:54 - logging in to the cluster node 139.59.22.184
19-08-2016 17:08:27 ERROR ExecuteShellCommand:62 - java.nio.file.FileAlreadyExistsException: /root/HungryHipposFs/test/a.txt
19-08-2016 17:08:27 ERROR ExecuteShellCommand:62 - 	at sun.nio.fs.UnixException.translateToIOException(UnixException.java:88)
19-08-2016 17:08:27 ERROR ExecuteShellCommand:62 - 	at sun.nio.fs.UnixException.rethrowAsIOException(UnixException.java:102)
19-08-2016 17:08:27 ERROR ExecuteShellCommand:62 - 	at sun.nio.fs.UnixException.rethrowAsIOException(UnixException.java:107)
19-08-2016 17:08:27 ERROR ExecuteShellCommand:62 - 	at sun.nio.fs.UnixFileSystemProvider.newByteChannel(UnixFileSystemProvider.java:214)
19-08-2016 17:08:27 ERROR ExecuteShellCommand:62 - 	at java.nio.file.Files.newByteChannel(Files.java:361)
19-08-2016 17:08:27 ERROR ExecuteShellCommand:62 - 	at java.nio.file.Files.createFile(Files.java:632)
19-08-2016 17:08:27 ERROR ExecuteShellCommand:62 - 	at com.talentica.hungryhippos.filesystem.NodeFileSystem.createFile(NodeFileSystem.java:171)
19-08-2016 17:08:27 ERROR ExecuteShellCommand:62 - 	at com.talentica.hungryhippos.filesystem.NodeFileSystem.createDirAndFile(NodeFileSystem.java:207)
19-08-2016 17:08:27 ERROR ExecuteShellCommand:62 - 	at com.talentica.hungryhippos.filesystem.main.NodeFileSystemMain.main(NodeFileSystemMain.java:11)
19-08-2016 17:08:27 ERROR ExecuteShellCommand:62 - Exception in thread "main" java.lang.NullPointerException
19-08-2016 17:08:27 ERROR ExecuteShellCommand:62 - 	at com.talentica.hungryhippos.filesystem.NodeFileSystem.createFile(NodeFileSystem.java:175)
19-08-2016 17:08:27 ERROR ExecuteShellCommand:62 - 	at com.talentica.hungryhippos.filesystem.NodeFileSystem.createDirAndFile(NodeFileSystem.java:207)
19-08-2016 17:08:27 ERROR ExecuteShellCommand:62 - 	at com.talentica.hungryhippos.filesystem.main.NodeFileSystemMain.main(NodeFileSystemMain.java:11)
19-08-2016 17:08:27 INFO  ExecuteShellCommand:54 - user root
19-08-2016 17:08:27 INFO  ExecuteShellCommand:54 - operation touch
19-08-2016 17:08:27 INFO  ExecuteShellCommand:54 - fName  /test/a.txt
19-08-2016 17:08:27 INFO  ExecuteShellCommand:54 - create Node Files if successful then create zookeeper files
19-08-2016 17:08:27 INFO  ExecuteShellCommand:54 - logging in to the cluster node 139.59.22.184
19-08-2016 17:08:28 ERROR ExecuteShellCommand:62 - java.nio.file.FileAlreadyExistsException: /root/HungryHipposFs/test/a.txt
19-08-2016 17:08:28 ERROR ExecuteShellCommand:62 - 	at sun.nio.fs.UnixException.translateToIOException(UnixException.java:88)
19-08-2016 17:08:28 ERROR ExecuteShellCommand:62 - 	at sun.nio.fs.UnixException.rethrowAsIOException(UnixException.java:102)
19-08-2016 17:08:28 ERROR ExecuteShellCommand:62 - 	at sun.nio.fs.UnixException.rethrowAsIOException(UnixException.java:107)
19-08-2016 17:08:28 ERROR ExecuteShellCommand:62 - 	at sun.nio.fs.UnixFileSystemProvider.newByteChannel(UnixFileSystemProvider.java:214)
19-08-2016 17:08:28 ERROR ExecuteShellCommand:62 - 	at java.nio.file.Files.newByteChannel(Files.java:361)
19-08-2016 17:08:28 ERROR ExecuteShellCommand:62 - 	at java.nio.file.Files.createFile(Files.java:632)
19-08-2016 17:08:28 ERROR ExecuteShellCommand:62 - 	at com.talentica.hungryhippos.filesystem.NodeFileSystem.createFile(NodeFileSystem.java:171)
19-08-2016 17:08:28 ERROR ExecuteShellCommand:62 - 	at com.talentica.hungryhippos.filesystem.NodeFileSystem.createDirAndFile(NodeFileSystem.java:207)
19-08-2016 17:08:28 ERROR ExecuteShellCommand:62 - 	at com.talentica.hungryhippos.filesystem.main.NodeFileSystemMain.main(NodeFileSystemMain.java:11)
19-08-2016 17:08:28 ERROR ExecuteShellCommand:62 - Exception in thread "main" java.lang.NullPointerException
19-08-2016 17:08:28 ERROR ExecuteShellCommand:62 - 	at com.talentica.hungryhippos.filesystem.NodeFileSystem.createFile(NodeFileSystem.java:175)
19-08-2016 17:08:28 ERROR ExecuteShellCommand:62 - 	at com.talentica.hungryhippos.filesystem.NodeFileSystem.createDirAndFile(NodeFileSystem.java:207)
19-08-2016 17:08:28 ERROR ExecuteShellCommand:62 - 	at com.talentica.hungryhippos.filesystem.main.NodeFileSystemMain.main(NodeFileSystemMain.java:11)
19-08-2016 18:41:27 INFO  ExecuteShellCommand:54 - user root
19-08-2016 18:41:27 INFO  ExecuteShellCommand:54 - operation touch
19-08-2016 18:41:28 INFO  ExecuteShellCommand:54 - fName  /test/a.txt
19-08-2016 18:41:29 INFO  ExecuteShellCommand:54 - create Node Files if successful then create zookeeper files
19-08-2016 18:41:29 INFO  ExecuteShellCommand:54 - logging in to the cluster node 139.59.22.184
19-08-2016 18:45:24 INFO  ExecuteShellCommand:54 - user root
19-08-2016 18:45:24 INFO  ExecuteShellCommand:54 - operation touch
19-08-2016 18:45:25 INFO  ExecuteShellCommand:54 - fName  /test/a.txt
19-08-2016 18:45:25 INFO  ExecuteShellCommand:54 - create Node Files if successful then create zookeeper files
19-08-2016 18:45:26 INFO  ExecuteShellCommand:54 - logging in to the cluster node 139.59.22.184
19-08-2016 18:45:27 ERROR ExecuteShellCommand:62 - bash: line 0: cd: hungryhippos: No such file or directory
19-08-2016 18:47:27 INFO  ExecuteShellCommand:54 - user root
19-08-2016 18:47:27 INFO  ExecuteShellCommand:54 - operation touch
19-08-2016 18:47:27 INFO  ExecuteShellCommand:54 - fName  /test/a.txt
19-08-2016 18:47:27 INFO  ExecuteShellCommand:54 - create Node Files if successful then create zookeeper files
19-08-2016 18:47:27 INFO  ExecuteShellCommand:54 - logging in to the cluster node 139.59.22.184
19-08-2016 18:47:28 INFO  ExecuteShellCommand:54 - user root
19-08-2016 18:47:28 INFO  ExecuteShellCommand:54 - operation touch
19-08-2016 18:47:28 INFO  ExecuteShellCommand:54 - fName  /test/a.txt
19-08-2016 18:47:28 INFO  ExecuteShellCommand:54 - create Node Files if successful then create zookeeper files
19-08-2016 18:47:28 INFO  ExecuteShellCommand:54 - logging in to the cluster node 139.59.22.186
19-08-2016 18:47:29 INFO  ExecuteShellCommand:54 - user root
19-08-2016 18:47:29 INFO  ExecuteShellCommand:54 - operation touch
19-08-2016 18:47:29 INFO  ExecuteShellCommand:54 - fName  /test/a.txt
19-08-2016 18:47:29 INFO  ExecuteShellCommand:54 - create Node Files if successful then create zookeeper files
19-08-2016 18:47:29 INFO  ExecuteShellCommand:54 - logging in to the cluster node 139.59.22.187
19-08-2016 18:47:30 ERROR NodesManagerContext:51 - Nodes Manager not initialized
19-08-2016 18:49:33 ERROR NodesManagerContext:51 - Nodes Manager not initialized
19-08-2016 18:50:10 ERROR NodesManagerContext:51 - Nodes Manager not initialized
19-08-2016 18:52:26 ERROR NodesManagerContext:51 - Nodes Manager not initialized
19-08-2016 18:54:50 ERROR NodesManagerContext:51 - Nodes Manager not initialized
19-08-2016 19:22:46 ERROR NodesManagerContext:51 - Nodes Manager not initialized
19-08-2016 19:23:05 INFO  NodesManagerContext:36 - Initialized the nodes manager.
19-08-2016 19:23:05 INFO  ZooKeeper:100 - Client environment:zookeeper.version=3.4.6-1569965, built on 02/20/2014 09:09 GMT
19-08-2016 19:23:05 INFO  ZooKeeper:100 - Client environment:host.name=sudarshans
19-08-2016 19:23:05 INFO  ZooKeeper:100 - Client environment:java.version=1.8.0_91
19-08-2016 19:23:05 INFO  ZooKeeper:100 - Client environment:java.vendor=Oracle Corporation
19-08-2016 19:23:05 INFO  ZooKeeper:100 - Client environment:java.home=/usr/lib/jvm/java-8-oracle/jre
19-08-2016 19:23:05 INFO  ZooKeeper:100 - Client environment:java.class.path=/home/sudarshans/RD/HH_NEW/HungryHippos/file-system/bin:/home/sudarshans/.gradle/caches/modules-2/files-2.1/com.google.code.findbugs/jsr305/1.3.9/40719ea6961c0cb6afaeb6a921eaa1f6afd4cfdf/jsr305-1.3.9.jar:/home/sudarshans/.gradle/caches/modules-2/files-2.1/com.google.guava/guava/11.0.1/57b40a943725d43610c898ac0169adf1b2d55742/guava-11.0.1.jar:/home/sudarshans/.gradle/caches/modules-2/files-2.1/com.jcraft/jsch/0.1.53/658b682d5c817b27ae795637dfec047c63d29935/jsch-0.1.53.jar:/home/sudarshans/.gradle/caches/modules-2/files-2.1/com.netflix.curator/curator-client/1.3.3/900f2da5dadefe74970a47f80a2013d7c5084b66/curator-client-1.3.3.jar:/home/sudarshans/.gradle/caches/modules-2/files-2.1/com.netflix.curator/curator-framework/1.3.3/c0942063362e7033baf5e2226df739b45a562230/curator-framework-1.3.3.jar:/home/sudarshans/.gradle/caches/modules-2/files-2.1/commons-io/commons-io/2.5/2852e6e05fbb95076fc091f6d1780f1f8fe35e0f/commons-io-2.5.jar:/home/sudarshans/.gradle/caches/modules-2/files-2.1/io.netty/netty/3.7.0.Final/7a8c35599c68c0bf383df74469aa3e03d9aca87/netty-3.7.0.Final.jar:/home/sudarshans/.gradle/caches/modules-2/files-2.1/javax.activation/activation/1.1/e6cb541461c2834bdea3eb920f1884d1eb508b50/activation-1.1.jar:/home/sudarshans/.gradle/caches/modules-2/files-2.1/javax.servlet/javax.servlet-api/3.1.0/3cd63d075497751784b2fa84be59432f4905bf7c/javax.servlet-api-3.1.0.jar:/home/sudarshans/.gradle/caches/modules-2/files-2.1/javax.xml.bind/jaxb-api/2.2.4/6b2a716087415601d701c432fd3bee6c10ce87f4/jaxb-api-2.2.4.jar:/home/sudarshans/.gradle/caches/modules-2/files-2.1/javax.xml.stream/stax-api/1.0-2/d6337b0de8b25e53e81b922352fbea9f9f57ba0b/stax-api-1.0-2.jar:/home/sudarshans/.gradle/caches/modules-2/files-2.1/jline/jline/0.9.94/99a18e9a44834afdebc467294e1138364c207402/jline-0.9.94.jar:/home/sudarshans/.gradle/caches/modules-2/files-2.1/junit/junit/3.8.1/99129f16442844f6a4a11ae22fbbee40b14d774f/junit-3.8.1.jar:/home/sudarshans/.gradle/caches/modules-2/files-2.1/junit/junit/4.12/2973d150c0dc1fefe998f834810d68f278ea58ec/junit-4.12.jar:/home/sudarshans/.gradle/caches/modules-2/files-2.1/log4j/log4j/1.2.17/5af35056b4d257e4b64b9e8069c0746e8b08629f/log4j-1.2.17.jar:/home/sudarshans/.gradle/caches/modules-2/files-2.1/org.apache.commons/commons-lang3/3.1/905075e6c80f206bbe6cf1e809d2caa69f420c76/commons-lang3-3.1.jar:/home/sudarshans/.gradle/caches/modules-2/files-2.1/org.apache.commons/commons-math3/3.5/13af68e9a11576953f5c4b09436f8207be9d3a27/commons-math3-3.5.jar:/home/sudarshans/.gradle/caches/modules-2/files-2.1/org.apache.zookeeper/zookeeper/3.4.6/1b2502e29da1ebaade2357cd1de35a855fa3755/zookeeper-3.4.6.jar:/home/sudarshans/.gradle/caches/modules-2/files-2.1/org.eclipse.jetty.websocket/websocket-api/9.3.4.v20151007/de4198c93d0971d207af73f905ebc8c3ec7e0c57/websocket-api-9.3.4.v20151007.jar:/home/sudarshans/.gradle/caches/modules-2/files-2.1/org.eclipse.jetty.websocket/websocket-client/9.3.4.v20151007/d6235c40669aa8d5e2605973a096c8903e1387ab/websocket-client-9.3.4.v20151007.jar:/home/sudarshans/.gradle/caches/modules-2/files-2.1/org.eclipse.jetty.websocket/websocket-common/9.3.4.v20151007/80761be5d56410c8b31fc14b9b176c6331dfeffe/websocket-common-9.3.4.v20151007.jar:/home/sudarshans/.gradle/caches/modules-2/files-2.1/org.eclipse.jetty/jetty-http/9.3.4.v20151007/f243423bcfee690ee5c29cc6865acf074d654ba8/jetty-http-9.3.4.v20151007.jar:/home/sudarshans/.gradle/caches/modules-2/files-2.1/org.eclipse.jetty/jetty-io/9.3.4.v20151007/3196b4a5b0e18e52032a50659cdb8d8e40f8e884/jetty-io-9.3.4.v20151007.jar:/home/sudarshans/.gradle/caches/modules-2/files-2.1/org.eclipse.jetty/jetty-server/9.3.4.v20151007/c71e1801011d8ece1496884e90a944074f8050ec/jetty-server-9.3.4.v20151007.jar:/home/sudarshans/.gradle/caches/modules-2/files-2.1/org.eclipse.jetty/jetty-util/9.3.4.v20151007/f6d7a3408eff3926e1b7d5473b7673663a835dfc/jetty-util-9.3.4.v20151007.jar:/home/sudarshans/.gradle/caches/modules-2/files-2.1/org.eclipse.persistence/org.eclipse.persistence.antlr/2.5.2/189db51e5a42710f16b5cf880aecc19b2820b0f9/org.eclipse.persistence.antlr-2.5.2.jar:/home/sudarshans/.gradle/caches/modules-2/files-2.1/org.eclipse.persistence/org.eclipse.persistence.asm/2.5.2/83298d74d26bddd95c5025ab2a1e545bb5424739/org.eclipse.persistence.asm-2.5.2.jar:/home/sudarshans/.gradle/caches/modules-2/files-2.1/org.eclipse.persistence/org.eclipse.persistence.core/2.5.2/4c4e53577658440409783942aee0d37da0a67f9/org.eclipse.persistence.core-2.5.2.jar:/home/sudarshans/.gradle/caches/modules-2/files-2.1/org.eclipse.persistence/org.eclipse.persistence.moxy/2.5.2/af39466383e372e3ab4737f6014abe0d69470675/org.eclipse.persistence.moxy-2.5.2.jar:/home/sudarshans/.gradle/caches/modules-2/files-2.1/org.hamcrest/hamcrest-core/1.3/42a25dc3219429f0e5d060061f71acb49bf010a0/hamcrest-core-1.3.jar:/home/sudarshans/.gradle/caches/modules-2/files-2.1/org.javassist/javassist/3.19.0-GA/50120f69224dd8684b445a6f3a5b08fe9b5c60f6/javassist-3.19.0-GA.jar:/home/sudarshans/.gradle/caches/modules-2/files-2.1/org.kamranzafar/jtar/2.2/c24668bac52b5cc47f96640bd01d169edb8e7f32/jtar-2.2.jar:/home/sudarshans/.gradle/caches/modules-2/files-2.1/org.mockito/mockito-all/1.10.19/539df70269cc254a58cccc5d8e43286b4a73bf30/mockito-all-1.10.19.jar:/home/sudarshans/.gradle/caches/modules-2/files-2.1/org.objenesis/objenesis/2.1/87c0ea803b69252868d09308b4618f766f135a96/objenesis-2.1.jar:/home/sudarshans/.gradle/caches/modules-2/files-2.1/org.ow2.asm/asm-commons/5.0.3/a7111830132c7f87d08fe48cb0ca07630f8cb91c/asm-commons-5.0.3.jar:/home/sudarshans/.gradle/caches/modules-2/files-2.1/org.ow2.asm/asm-tree/5.0.3/287749b48ba7162fb67c93a026d690b29f410bed/asm-tree-5.0.3.jar:/home/sudarshans/.gradle/caches/modules-2/files-2.1/org.ow2.asm/asm-util/5.0.3/1512e5571325854b05fb1efce1db75fcced54389/asm-util-5.0.3.jar:/home/sudarshans/.gradle/caches/modules-2/files-2.1/org.ow2.asm/asm/5.0.3/dcc2193db20e19e1feca8b1240dbbc4e190824fa/asm-5.0.3.jar:/home/sudarshans/.gradle/caches/modules-2/files-2.1/org.powermock/powermock-api-mockito/1.6.2/c213230ae20a7b422f3d622a261d0e3427d2464c/powermock-api-mockito-1.6.2.jar:/home/sudarshans/.gradle/caches/modules-2/files-2.1/org.powermock/powermock-api-support/1.6.2/93b21413b4ee99b7bc0dd34e1416fdca96866aaf/powermock-api-support-1.6.2.jar:/home/sudarshans/.gradle/caches/modules-2/files-2.1/org.powermock/powermock-core/1.6.2/ea04e79244e19dcf0c3ccf6863c5b028b4b58c9c/powermock-core-1.6.2.jar:/home/sudarshans/.gradle/caches/modules-2/files-2.1/org.powermock/powermock-module-junit4-common/1.6.2/48dd7406e11a14fe2ae4ab641e1f27510e896640/powermock-module-junit4-common-1.6.2.jar:/home/sudarshans/.gradle/caches/modules-2/files-2.1/org.powermock/powermock-module-junit4/1.6.2/dff58978da716e000463bc1b08013d6a7cf3d696/powermock-module-junit4-1.6.2.jar:/home/sudarshans/.gradle/caches/modules-2/files-2.1/org.powermock/powermock-reflect/1.6.2/1af1bbd1207c3ecdcf64973e6f9d57dcd17cc145/powermock-reflect-1.6.2.jar:/home/sudarshans/.gradle/caches/modules-2/files-2.1/org.slf4j/slf4j-api/1.7.10/5b338f206827d88acd890739f400a9b7664e5984/slf4j-api-1.7.10.jar:/home/sudarshans/.gradle/caches/modules-2/files-2.1/org.slf4j/slf4j-log4j12/1.6.1/bd245d6746cdd4e6203e976e21d597a46f115802/slf4j-log4j12-1.6.1.jar:/home/sudarshans/RD/HH_NEW/HungryHippos/client-api/bin:/home/sudarshans/RD/HH_NEW/HungryHippos/configuration-schema/bin:/home/sudarshans/RD/HH_NEW/HungryHippos/coordination/bin:/home/sudarshans/RD/HH_NEW/HungryHippos/utility/bin:/home/sudarshans/.gradle/caches/modules-2/files-2.1/org.apache.zookeeper/zookeeper/3.4.5/c0f69fb36526552a8f0bc548a6c33c49cf08e562/zookeeper-3.4.5.jar:/home/sudarshans/.gradle/caches/modules-2/files-2.1/org.jboss.netty/netty/3.2.2.Final/d4afed2b2038db3f5298da54314575ef194f8bd0/netty-3.2.2.Final.jar:/home/sudarshans/.gradle/caches/modules-2/files-2.1/org.ow2.asm/asm-analysis/5.0.3/c7126aded0e8e13fed5f913559a0dd7b770a10f3/asm-analysis-5.0.3.jar
19-08-2016 19:23:05 INFO  ZooKeeper:100 - Client environment:java.library.path=/usr/java/packages/lib/amd64:/usr/lib64:/lib64:/lib:/usr/lib
19-08-2016 19:23:05 INFO  ZooKeeper:100 - Client environment:java.io.tmpdir=/tmp
19-08-2016 19:23:05 INFO  ZooKeeper:100 - Client environment:java.compiler=<NA>
19-08-2016 19:23:05 INFO  ZooKeeper:100 - Client environment:os.name=Linux
19-08-2016 19:23:05 INFO  ZooKeeper:100 - Client environment:os.arch=amd64
19-08-2016 19:23:05 INFO  ZooKeeper:100 - Client environment:os.version=4.4.0-31-generic
19-08-2016 19:23:05 INFO  ZooKeeper:100 - Client environment:user.name=sudarshans
19-08-2016 19:23:05 INFO  ZooKeeper:100 - Client environment:user.home=/home/sudarshans
19-08-2016 19:23:05 INFO  ZooKeeper:100 - Client environment:user.dir=/home/sudarshans/RD/HH_NEW/HungryHippos/file-system
19-08-2016 19:23:05 INFO  ZooKeeper:438 - Initiating client connection, connectString=localhost:2181 sessionTimeout=86400000 watcher=com.talentica.hungryHippos.coordination.NodesManager@7dc222ae
19-08-2016 19:23:05 INFO  ClientCnxn:975 - Opening socket connection to server localhost/127.0.0.1:2181. Will not attempt to authenticate using SASL (unknown error)
19-08-2016 19:23:05 INFO  ClientCnxn:852 - Socket connection established to localhost/127.0.0.1:2181, initiating session
19-08-2016 19:23:05 INFO  ClientCnxn:1235 - Session establishment complete on server localhost/127.0.0.1:2181, sessionid = 0x15625efacd80175, negotiated timeout = 40000
19-08-2016 19:23:05 INFO  NodesManager:460 - ZooKeeper client connected to server
19-08-2016 19:23:05 INFO  NodesManager:123 - Connected - Session ID: 96306153362293109
19-08-2016 19:23:05 INFO  Property:59 -  config-path.properties property file is loaded.
19-08-2016 19:23:50 INFO  NodesManagerContext:36 - Initialized the nodes manager.
19-08-2016 19:23:50 INFO  ZooKeeper:100 - Client environment:zookeeper.version=3.4.6-1569965, built on 02/20/2014 09:09 GMT
19-08-2016 19:23:50 INFO  ZooKeeper:100 - Client environment:host.name=sudarshans
19-08-2016 19:23:50 INFO  ZooKeeper:100 - Client environment:java.version=1.8.0_91
19-08-2016 19:23:50 INFO  ZooKeeper:100 - Client environment:java.vendor=Oracle Corporation
19-08-2016 19:23:50 INFO  ZooKeeper:100 - Client environment:java.home=/usr/lib/jvm/java-8-oracle/jre
19-08-2016 19:23:50 INFO  ZooKeeper:100 - Client environment:java.class.path=/home/sudarshans/RD/HH_NEW/HungryHippos/file-system/bin:/home/sudarshans/.gradle/caches/modules-2/files-2.1/com.google.code.findbugs/jsr305/1.3.9/40719ea6961c0cb6afaeb6a921eaa1f6afd4cfdf/jsr305-1.3.9.jar:/home/sudarshans/.gradle/caches/modules-2/files-2.1/com.google.guava/guava/11.0.1/57b40a943725d43610c898ac0169adf1b2d55742/guava-11.0.1.jar:/home/sudarshans/.gradle/caches/modules-2/files-2.1/com.jcraft/jsch/0.1.53/658b682d5c817b27ae795637dfec047c63d29935/jsch-0.1.53.jar:/home/sudarshans/.gradle/caches/modules-2/files-2.1/com.netflix.curator/curator-client/1.3.3/900f2da5dadefe74970a47f80a2013d7c5084b66/curator-client-1.3.3.jar:/home/sudarshans/.gradle/caches/modules-2/files-2.1/com.netflix.curator/curator-framework/1.3.3/c0942063362e7033baf5e2226df739b45a562230/curator-framework-1.3.3.jar:/home/sudarshans/.gradle/caches/modules-2/files-2.1/commons-io/commons-io/2.5/2852e6e05fbb95076fc091f6d1780f1f8fe35e0f/commons-io-2.5.jar:/home/sudarshans/.gradle/caches/modules-2/files-2.1/io.netty/netty/3.7.0.Final/7a8c35599c68c0bf383df74469aa3e03d9aca87/netty-3.7.0.Final.jar:/home/sudarshans/.gradle/caches/modules-2/files-2.1/javax.activation/activation/1.1/e6cb541461c2834bdea3eb920f1884d1eb508b50/activation-1.1.jar:/home/sudarshans/.gradle/caches/modules-2/files-2.1/javax.servlet/javax.servlet-api/3.1.0/3cd63d075497751784b2fa84be59432f4905bf7c/javax.servlet-api-3.1.0.jar:/home/sudarshans/.gradle/caches/modules-2/files-2.1/javax.xml.bind/jaxb-api/2.2.4/6b2a716087415601d701c432fd3bee6c10ce87f4/jaxb-api-2.2.4.jar:/home/sudarshans/.gradle/caches/modules-2/files-2.1/javax.xml.stream/stax-api/1.0-2/d6337b0de8b25e53e81b922352fbea9f9f57ba0b/stax-api-1.0-2.jar:/home/sudarshans/.gradle/caches/modules-2/files-2.1/jline/jline/0.9.94/99a18e9a44834afdebc467294e1138364c207402/jline-0.9.94.jar:/home/sudarshans/.gradle/caches/modules-2/files-2.1/junit/junit/3.8.1/99129f16442844f6a4a11ae22fbbee40b14d774f/junit-3.8.1.jar:/home/sudarshans/.gradle/caches/modules-2/files-2.1/junit/junit/4.12/2973d150c0dc1fefe998f834810d68f278ea58ec/junit-4.12.jar:/home/sudarshans/.gradle/caches/modules-2/files-2.1/log4j/log4j/1.2.17/5af35056b4d257e4b64b9e8069c0746e8b08629f/log4j-1.2.17.jar:/home/sudarshans/.gradle/caches/modules-2/files-2.1/org.apache.commons/commons-lang3/3.1/905075e6c80f206bbe6cf1e809d2caa69f420c76/commons-lang3-3.1.jar:/home/sudarshans/.gradle/caches/modules-2/files-2.1/org.apache.commons/commons-math3/3.5/13af68e9a11576953f5c4b09436f8207be9d3a27/commons-math3-3.5.jar:/home/sudarshans/.gradle/caches/modules-2/files-2.1/org.apache.zookeeper/zookeeper/3.4.6/1b2502e29da1ebaade2357cd1de35a855fa3755/zookeeper-3.4.6.jar:/home/sudarshans/.gradle/caches/modules-2/files-2.1/org.eclipse.jetty.websocket/websocket-api/9.3.4.v20151007/de4198c93d0971d207af73f905ebc8c3ec7e0c57/websocket-api-9.3.4.v20151007.jar:/home/sudarshans/.gradle/caches/modules-2/files-2.1/org.eclipse.jetty.websocket/websocket-client/9.3.4.v20151007/d6235c40669aa8d5e2605973a096c8903e1387ab/websocket-client-9.3.4.v20151007.jar:/home/sudarshans/.gradle/caches/modules-2/files-2.1/org.eclipse.jetty.websocket/websocket-common/9.3.4.v20151007/80761be5d56410c8b31fc14b9b176c6331dfeffe/websocket-common-9.3.4.v20151007.jar:/home/sudarshans/.gradle/caches/modules-2/files-2.1/org.eclipse.jetty/jetty-http/9.3.4.v20151007/f243423bcfee690ee5c29cc6865acf074d654ba8/jetty-http-9.3.4.v20151007.jar:/home/sudarshans/.gradle/caches/modules-2/files-2.1/org.eclipse.jetty/jetty-io/9.3.4.v20151007/3196b4a5b0e18e52032a50659cdb8d8e40f8e884/jetty-io-9.3.4.v20151007.jar:/home/sudarshans/.gradle/caches/modules-2/files-2.1/org.eclipse.jetty/jetty-server/9.3.4.v20151007/c71e1801011d8ece1496884e90a944074f8050ec/jetty-server-9.3.4.v20151007.jar:/home/sudarshans/.gradle/caches/modules-2/files-2.1/org.eclipse.jetty/jetty-util/9.3.4.v20151007/f6d7a3408eff3926e1b7d5473b7673663a835dfc/jetty-util-9.3.4.v20151007.jar:/home/sudarshans/.gradle/caches/modules-2/files-2.1/org.eclipse.persistence/org.eclipse.persistence.antlr/2.5.2/189db51e5a42710f16b5cf880aecc19b2820b0f9/org.eclipse.persistence.antlr-2.5.2.jar:/home/sudarshans/.gradle/caches/modules-2/files-2.1/org.eclipse.persistence/org.eclipse.persistence.asm/2.5.2/83298d74d26bddd95c5025ab2a1e545bb5424739/org.eclipse.persistence.asm-2.5.2.jar:/home/sudarshans/.gradle/caches/modules-2/files-2.1/org.eclipse.persistence/org.eclipse.persistence.core/2.5.2/4c4e53577658440409783942aee0d37da0a67f9/org.eclipse.persistence.core-2.5.2.jar:/home/sudarshans/.gradle/caches/modules-2/files-2.1/org.eclipse.persistence/org.eclipse.persistence.moxy/2.5.2/af39466383e372e3ab4737f6014abe0d69470675/org.eclipse.persistence.moxy-2.5.2.jar:/home/sudarshans/.gradle/caches/modules-2/files-2.1/org.hamcrest/hamcrest-core/1.3/42a25dc3219429f0e5d060061f71acb49bf010a0/hamcrest-core-1.3.jar:/home/sudarshans/.gradle/caches/modules-2/files-2.1/org.javassist/javassist/3.19.0-GA/50120f69224dd8684b445a6f3a5b08fe9b5c60f6/javassist-3.19.0-GA.jar:/home/sudarshans/.gradle/caches/modules-2/files-2.1/org.kamranzafar/jtar/2.2/c24668bac52b5cc47f96640bd01d169edb8e7f32/jtar-2.2.jar:/home/sudarshans/.gradle/caches/modules-2/files-2.1/org.mockito/mockito-all/1.10.19/539df70269cc254a58cccc5d8e43286b4a73bf30/mockito-all-1.10.19.jar:/home/sudarshans/.gradle/caches/modules-2/files-2.1/org.objenesis/objenesis/2.1/87c0ea803b69252868d09308b4618f766f135a96/objenesis-2.1.jar:/home/sudarshans/.gradle/caches/modules-2/files-2.1/org.ow2.asm/asm-commons/5.0.3/a7111830132c7f87d08fe48cb0ca07630f8cb91c/asm-commons-5.0.3.jar:/home/sudarshans/.gradle/caches/modules-2/files-2.1/org.ow2.asm/asm-tree/5.0.3/287749b48ba7162fb67c93a026d690b29f410bed/asm-tree-5.0.3.jar:/home/sudarshans/.gradle/caches/modules-2/files-2.1/org.ow2.asm/asm-util/5.0.3/1512e5571325854b05fb1efce1db75fcced54389/asm-util-5.0.3.jar:/home/sudarshans/.gradle/caches/modules-2/files-2.1/org.ow2.asm/asm/5.0.3/dcc2193db20e19e1feca8b1240dbbc4e190824fa/asm-5.0.3.jar:/home/sudarshans/.gradle/caches/modules-2/files-2.1/org.powermock/powermock-api-mockito/1.6.2/c213230ae20a7b422f3d622a261d0e3427d2464c/powermock-api-mockito-1.6.2.jar:/home/sudarshans/.gradle/caches/modules-2/files-2.1/org.powermock/powermock-api-support/1.6.2/93b21413b4ee99b7bc0dd34e1416fdca96866aaf/powermock-api-support-1.6.2.jar:/home/sudarshans/.gradle/caches/modules-2/files-2.1/org.powermock/powermock-core/1.6.2/ea04e79244e19dcf0c3ccf6863c5b028b4b58c9c/powermock-core-1.6.2.jar:/home/sudarshans/.gradle/caches/modules-2/files-2.1/org.powermock/powermock-module-junit4-common/1.6.2/48dd7406e11a14fe2ae4ab641e1f27510e896640/powermock-module-junit4-common-1.6.2.jar:/home/sudarshans/.gradle/caches/modules-2/files-2.1/org.powermock/powermock-module-junit4/1.6.2/dff58978da716e000463bc1b08013d6a7cf3d696/powermock-module-junit4-1.6.2.jar:/home/sudarshans/.gradle/caches/modules-2/files-2.1/org.powermock/powermock-reflect/1.6.2/1af1bbd1207c3ecdcf64973e6f9d57dcd17cc145/powermock-reflect-1.6.2.jar:/home/sudarshans/.gradle/caches/modules-2/files-2.1/org.slf4j/slf4j-api/1.7.10/5b338f206827d88acd890739f400a9b7664e5984/slf4j-api-1.7.10.jar:/home/sudarshans/.gradle/caches/modules-2/files-2.1/org.slf4j/slf4j-log4j12/1.6.1/bd245d6746cdd4e6203e976e21d597a46f115802/slf4j-log4j12-1.6.1.jar:/home/sudarshans/RD/HH_NEW/HungryHippos/client-api/bin:/home/sudarshans/RD/HH_NEW/HungryHippos/configuration-schema/bin:/home/sudarshans/RD/HH_NEW/HungryHippos/coordination/bin:/home/sudarshans/RD/HH_NEW/HungryHippos/utility/bin:/home/sudarshans/.gradle/caches/modules-2/files-2.1/org.apache.zookeeper/zookeeper/3.4.5/c0f69fb36526552a8f0bc548a6c33c49cf08e562/zookeeper-3.4.5.jar:/home/sudarshans/.gradle/caches/modules-2/files-2.1/org.jboss.netty/netty/3.2.2.Final/d4afed2b2038db3f5298da54314575ef194f8bd0/netty-3.2.2.Final.jar:/home/sudarshans/.gradle/caches/modules-2/files-2.1/org.ow2.asm/asm-analysis/5.0.3/c7126aded0e8e13fed5f913559a0dd7b770a10f3/asm-analysis-5.0.3.jar
19-08-2016 19:23:50 INFO  ZooKeeper:100 - Client environment:java.library.path=/usr/java/packages/lib/amd64:/usr/lib64:/lib64:/lib:/usr/lib
19-08-2016 19:23:50 INFO  ZooKeeper:100 - Client environment:java.io.tmpdir=/tmp
19-08-2016 19:23:50 INFO  ZooKeeper:100 - Client environment:java.compiler=<NA>
19-08-2016 19:23:50 INFO  ZooKeeper:100 - Client environment:os.name=Linux
19-08-2016 19:23:50 INFO  ZooKeeper:100 - Client environment:os.arch=amd64
19-08-2016 19:23:50 INFO  ZooKeeper:100 - Client environment:os.version=4.4.0-31-generic
19-08-2016 19:23:50 INFO  ZooKeeper:100 - Client environment:user.name=sudarshans
19-08-2016 19:23:50 INFO  ZooKeeper:100 - Client environment:user.home=/home/sudarshans
19-08-2016 19:23:50 INFO  ZooKeeper:100 - Client environment:user.dir=/home/sudarshans/RD/HH_NEW/HungryHippos/file-system
19-08-2016 19:23:50 INFO  ZooKeeper:438 - Initiating client connection, connectString=localhost:2181 sessionTimeout=86400000 watcher=com.talentica.hungryHippos.coordination.NodesManager@7dc222ae
19-08-2016 19:23:50 INFO  ClientCnxn:975 - Opening socket connection to server localhost/127.0.0.1:2181. Will not attempt to authenticate using SASL (unknown error)
19-08-2016 19:23:50 INFO  ClientCnxn:852 - Socket connection established to localhost/127.0.0.1:2181, initiating session
19-08-2016 19:23:50 INFO  ClientCnxn:1235 - Session establishment complete on server localhost/127.0.0.1:2181, sessionid = 0x15625efacd80176, negotiated timeout = 40000
19-08-2016 19:23:50 INFO  NodesManager:460 - ZooKeeper client connected to server
19-08-2016 19:23:50 INFO  NodesManager:123 - Connected - Session ID: 96306153362293110
19-08-2016 19:23:50 INFO  Property:59 -  config-path.properties property file is loaded.
19-08-2016 19:24:32 INFO  NodesManagerContext:36 - Initialized the nodes manager.
19-08-2016 19:24:32 INFO  ZooKeeper:100 - Client environment:zookeeper.version=3.4.6-1569965, built on 02/20/2014 09:09 GMT
19-08-2016 19:24:32 INFO  ZooKeeper:100 - Client environment:host.name=sudarshans
19-08-2016 19:24:32 INFO  ZooKeeper:100 - Client environment:java.version=1.8.0_91
19-08-2016 19:24:32 INFO  ZooKeeper:100 - Client environment:java.vendor=Oracle Corporation
19-08-2016 19:24:32 INFO  ZooKeeper:100 - Client environment:java.home=/usr/lib/jvm/java-8-oracle/jre
19-08-2016 19:24:32 INFO  ZooKeeper:100 - Client environment:java.class.path=/home/sudarshans/RD/HH_NEW/HungryHippos/file-system/bin:/home/sudarshans/.gradle/caches/modules-2/files-2.1/com.google.code.findbugs/jsr305/1.3.9/40719ea6961c0cb6afaeb6a921eaa1f6afd4cfdf/jsr305-1.3.9.jar:/home/sudarshans/.gradle/caches/modules-2/files-2.1/com.google.guava/guava/11.0.1/57b40a943725d43610c898ac0169adf1b2d55742/guava-11.0.1.jar:/home/sudarshans/.gradle/caches/modules-2/files-2.1/com.jcraft/jsch/0.1.53/658b682d5c817b27ae795637dfec047c63d29935/jsch-0.1.53.jar:/home/sudarshans/.gradle/caches/modules-2/files-2.1/com.netflix.curator/curator-client/1.3.3/900f2da5dadefe74970a47f80a2013d7c5084b66/curator-client-1.3.3.jar:/home/sudarshans/.gradle/caches/modules-2/files-2.1/com.netflix.curator/curator-framework/1.3.3/c0942063362e7033baf5e2226df739b45a562230/curator-framework-1.3.3.jar:/home/sudarshans/.gradle/caches/modules-2/files-2.1/commons-io/commons-io/2.5/2852e6e05fbb95076fc091f6d1780f1f8fe35e0f/commons-io-2.5.jar:/home/sudarshans/.gradle/caches/modules-2/files-2.1/io.netty/netty/3.7.0.Final/7a8c35599c68c0bf383df74469aa3e03d9aca87/netty-3.7.0.Final.jar:/home/sudarshans/.gradle/caches/modules-2/files-2.1/javax.activation/activation/1.1/e6cb541461c2834bdea3eb920f1884d1eb508b50/activation-1.1.jar:/home/sudarshans/.gradle/caches/modules-2/files-2.1/javax.servlet/javax.servlet-api/3.1.0/3cd63d075497751784b2fa84be59432f4905bf7c/javax.servlet-api-3.1.0.jar:/home/sudarshans/.gradle/caches/modules-2/files-2.1/javax.xml.bind/jaxb-api/2.2.4/6b2a716087415601d701c432fd3bee6c10ce87f4/jaxb-api-2.2.4.jar:/home/sudarshans/.gradle/caches/modules-2/files-2.1/javax.xml.stream/stax-api/1.0-2/d6337b0de8b25e53e81b922352fbea9f9f57ba0b/stax-api-1.0-2.jar:/home/sudarshans/.gradle/caches/modules-2/files-2.1/jline/jline/0.9.94/99a18e9a44834afdebc467294e1138364c207402/jline-0.9.94.jar:/home/sudarshans/.gradle/caches/modules-2/files-2.1/junit/junit/3.8.1/99129f16442844f6a4a11ae22fbbee40b14d774f/junit-3.8.1.jar:/home/sudarshans/.gradle/caches/modules-2/files-2.1/junit/junit/4.12/2973d150c0dc1fefe998f834810d68f278ea58ec/junit-4.12.jar:/home/sudarshans/.gradle/caches/modules-2/files-2.1/log4j/log4j/1.2.17/5af35056b4d257e4b64b9e8069c0746e8b08629f/log4j-1.2.17.jar:/home/sudarshans/.gradle/caches/modules-2/files-2.1/org.apache.commons/commons-lang3/3.1/905075e6c80f206bbe6cf1e809d2caa69f420c76/commons-lang3-3.1.jar:/home/sudarshans/.gradle/caches/modules-2/files-2.1/org.apache.commons/commons-math3/3.5/13af68e9a11576953f5c4b09436f8207be9d3a27/commons-math3-3.5.jar:/home/sudarshans/.gradle/caches/modules-2/files-2.1/org.apache.zookeeper/zookeeper/3.4.6/1b2502e29da1ebaade2357cd1de35a855fa3755/zookeeper-3.4.6.jar:/home/sudarshans/.gradle/caches/modules-2/files-2.1/org.eclipse.jetty.websocket/websocket-api/9.3.4.v20151007/de4198c93d0971d207af73f905ebc8c3ec7e0c57/websocket-api-9.3.4.v20151007.jar:/home/sudarshans/.gradle/caches/modules-2/files-2.1/org.eclipse.jetty.websocket/websocket-client/9.3.4.v20151007/d6235c40669aa8d5e2605973a096c8903e1387ab/websocket-client-9.3.4.v20151007.jar:/home/sudarshans/.gradle/caches/modules-2/files-2.1/org.eclipse.jetty.websocket/websocket-common/9.3.4.v20151007/80761be5d56410c8b31fc14b9b176c6331dfeffe/websocket-common-9.3.4.v20151007.jar:/home/sudarshans/.gradle/caches/modules-2/files-2.1/org.eclipse.jetty/jetty-http/9.3.4.v20151007/f243423bcfee690ee5c29cc6865acf074d654ba8/jetty-http-9.3.4.v20151007.jar:/home/sudarshans/.gradle/caches/modules-2/files-2.1/org.eclipse.jetty/jetty-io/9.3.4.v20151007/3196b4a5b0e18e52032a50659cdb8d8e40f8e884/jetty-io-9.3.4.v20151007.jar:/home/sudarshans/.gradle/caches/modules-2/files-2.1/org.eclipse.jetty/jetty-server/9.3.4.v20151007/c71e1801011d8ece1496884e90a944074f8050ec/jetty-server-9.3.4.v20151007.jar:/home/sudarshans/.gradle/caches/modules-2/files-2.1/org.eclipse.jetty/jetty-util/9.3.4.v20151007/f6d7a3408eff3926e1b7d5473b7673663a835dfc/jetty-util-9.3.4.v20151007.jar:/home/sudarshans/.gradle/caches/modules-2/files-2.1/org.eclipse.persistence/org.eclipse.persistence.antlr/2.5.2/189db51e5a42710f16b5cf880aecc19b2820b0f9/org.eclipse.persistence.antlr-2.5.2.jar:/home/sudarshans/.gradle/caches/modules-2/files-2.1/org.eclipse.persistence/org.eclipse.persistence.asm/2.5.2/83298d74d26bddd95c5025ab2a1e545bb5424739/org.eclipse.persistence.asm-2.5.2.jar:/home/sudarshans/.gradle/caches/modules-2/files-2.1/org.eclipse.persistence/org.eclipse.persistence.core/2.5.2/4c4e53577658440409783942aee0d37da0a67f9/org.eclipse.persistence.core-2.5.2.jar:/home/sudarshans/.gradle/caches/modules-2/files-2.1/org.eclipse.persistence/org.eclipse.persistence.moxy/2.5.2/af39466383e372e3ab4737f6014abe0d69470675/org.eclipse.persistence.moxy-2.5.2.jar:/home/sudarshans/.gradle/caches/modules-2/files-2.1/org.hamcrest/hamcrest-core/1.3/42a25dc3219429f0e5d060061f71acb49bf010a0/hamcrest-core-1.3.jar:/home/sudarshans/.gradle/caches/modules-2/files-2.1/org.javassist/javassist/3.19.0-GA/50120f69224dd8684b445a6f3a5b08fe9b5c60f6/javassist-3.19.0-GA.jar:/home/sudarshans/.gradle/caches/modules-2/files-2.1/org.kamranzafar/jtar/2.2/c24668bac52b5cc47f96640bd01d169edb8e7f32/jtar-2.2.jar:/home/sudarshans/.gradle/caches/modules-2/files-2.1/org.mockito/mockito-all/1.10.19/539df70269cc254a58cccc5d8e43286b4a73bf30/mockito-all-1.10.19.jar:/home/sudarshans/.gradle/caches/modules-2/files-2.1/org.objenesis/objenesis/2.1/87c0ea803b69252868d09308b4618f766f135a96/objenesis-2.1.jar:/home/sudarshans/.gradle/caches/modules-2/files-2.1/org.ow2.asm/asm-commons/5.0.3/a7111830132c7f87d08fe48cb0ca07630f8cb91c/asm-commons-5.0.3.jar:/home/sudarshans/.gradle/caches/modules-2/files-2.1/org.ow2.asm/asm-tree/5.0.3/287749b48ba7162fb67c93a026d690b29f410bed/asm-tree-5.0.3.jar:/home/sudarshans/.gradle/caches/modules-2/files-2.1/org.ow2.asm/asm-util/5.0.3/1512e5571325854b05fb1efce1db75fcced54389/asm-util-5.0.3.jar:/home/sudarshans/.gradle/caches/modules-2/files-2.1/org.ow2.asm/asm/5.0.3/dcc2193db20e19e1feca8b1240dbbc4e190824fa/asm-5.0.3.jar:/home/sudarshans/.gradle/caches/modules-2/files-2.1/org.powermock/powermock-api-mockito/1.6.2/c213230ae20a7b422f3d622a261d0e3427d2464c/powermock-api-mockito-1.6.2.jar:/home/sudarshans/.gradle/caches/modules-2/files-2.1/org.powermock/powermock-api-support/1.6.2/93b21413b4ee99b7bc0dd34e1416fdca96866aaf/powermock-api-support-1.6.2.jar:/home/sudarshans/.gradle/caches/modules-2/files-2.1/org.powermock/powermock-core/1.6.2/ea04e79244e19dcf0c3ccf6863c5b028b4b58c9c/powermock-core-1.6.2.jar:/home/sudarshans/.gradle/caches/modules-2/files-2.1/org.powermock/powermock-module-junit4-common/1.6.2/48dd7406e11a14fe2ae4ab641e1f27510e896640/powermock-module-junit4-common-1.6.2.jar:/home/sudarshans/.gradle/caches/modules-2/files-2.1/org.powermock/powermock-module-junit4/1.6.2/dff58978da716e000463bc1b08013d6a7cf3d696/powermock-module-junit4-1.6.2.jar:/home/sudarshans/.gradle/caches/modules-2/files-2.1/org.powermock/powermock-reflect/1.6.2/1af1bbd1207c3ecdcf64973e6f9d57dcd17cc145/powermock-reflect-1.6.2.jar:/home/sudarshans/.gradle/caches/modules-2/files-2.1/org.slf4j/slf4j-api/1.7.10/5b338f206827d88acd890739f400a9b7664e5984/slf4j-api-1.7.10.jar:/home/sudarshans/.gradle/caches/modules-2/files-2.1/org.slf4j/slf4j-log4j12/1.6.1/bd245d6746cdd4e6203e976e21d597a46f115802/slf4j-log4j12-1.6.1.jar:/home/sudarshans/RD/HH_NEW/HungryHippos/client-api/bin:/home/sudarshans/RD/HH_NEW/HungryHippos/configuration-schema/bin:/home/sudarshans/RD/HH_NEW/HungryHippos/coordination/bin:/home/sudarshans/RD/HH_NEW/HungryHippos/utility/bin:/home/sudarshans/.gradle/caches/modules-2/files-2.1/org.apache.zookeeper/zookeeper/3.4.5/c0f69fb36526552a8f0bc548a6c33c49cf08e562/zookeeper-3.4.5.jar:/home/sudarshans/.gradle/caches/modules-2/files-2.1/org.jboss.netty/netty/3.2.2.Final/d4afed2b2038db3f5298da54314575ef194f8bd0/netty-3.2.2.Final.jar:/home/sudarshans/.gradle/caches/modules-2/files-2.1/org.ow2.asm/asm-analysis/5.0.3/c7126aded0e8e13fed5f913559a0dd7b770a10f3/asm-analysis-5.0.3.jar
19-08-2016 19:24:32 INFO  ZooKeeper:100 - Client environment:java.library.path=/usr/java/packages/lib/amd64:/usr/lib64:/lib64:/lib:/usr/lib
19-08-2016 19:24:32 INFO  ZooKeeper:100 - Client environment:java.io.tmpdir=/tmp
19-08-2016 19:24:32 INFO  ZooKeeper:100 - Client environment:java.compiler=<NA>
19-08-2016 19:24:32 INFO  ZooKeeper:100 - Client environment:os.name=Linux
19-08-2016 19:24:32 INFO  ZooKeeper:100 - Client environment:os.arch=amd64
19-08-2016 19:24:32 INFO  ZooKeeper:100 - Client environment:os.version=4.4.0-31-generic
19-08-2016 19:24:32 INFO  ZooKeeper:100 - Client environment:user.name=sudarshans
19-08-2016 19:24:32 INFO  ZooKeeper:100 - Client environment:user.home=/home/sudarshans
19-08-2016 19:24:32 INFO  ZooKeeper:100 - Client environment:user.dir=/home/sudarshans/RD/HH_NEW/HungryHippos/file-system
19-08-2016 19:24:32 INFO  ZooKeeper:438 - Initiating client connection, connectString=localhost:2181 sessionTimeout=86400000 watcher=com.talentica.hungryHippos.coordination.NodesManager@4659191b
19-08-2016 19:24:32 INFO  ClientCnxn:975 - Opening socket connection to server localhost/127.0.0.1:2181. Will not attempt to authenticate using SASL (unknown error)
19-08-2016 19:24:32 INFO  ClientCnxn:852 - Socket connection established to localhost/127.0.0.1:2181, initiating session
19-08-2016 19:24:32 INFO  ClientCnxn:1235 - Session establishment complete on server localhost/127.0.0.1:2181, sessionid = 0x15625efacd80177, negotiated timeout = 40000
19-08-2016 19:24:32 INFO  NodesManager:460 - ZooKeeper client connected to server
19-08-2016 19:24:32 INFO  NodesManager:123 - Connected - Session ID: 96306153362293111
19-08-2016 19:24:34 INFO  Property:59 -  config-path.properties property file is loaded.
19-08-2016 19:27:41 INFO  NodesManagerContext:36 - Initialized the nodes manager.
19-08-2016 19:27:41 INFO  ZooKeeper:100 - Client environment:zookeeper.version=3.4.6-1569965, built on 02/20/2014 09:09 GMT
19-08-2016 19:27:41 INFO  ZooKeeper:100 - Client environment:host.name=sudarshans
19-08-2016 19:27:41 INFO  ZooKeeper:100 - Client environment:java.version=1.8.0_91
19-08-2016 19:27:41 INFO  ZooKeeper:100 - Client environment:java.vendor=Oracle Corporation
19-08-2016 19:27:41 INFO  ZooKeeper:100 - Client environment:java.home=/usr/lib/jvm/java-8-oracle/jre
19-08-2016 19:27:41 INFO  ZooKeeper:100 - Client environment:java.class.path=/home/sudarshans/RD/HH_NEW/HungryHippos/file-system/bin:/home/sudarshans/.gradle/caches/modules-2/files-2.1/com.google.code.findbugs/jsr305/1.3.9/40719ea6961c0cb6afaeb6a921eaa1f6afd4cfdf/jsr305-1.3.9.jar:/home/sudarshans/.gradle/caches/modules-2/files-2.1/com.google.guava/guava/11.0.1/57b40a943725d43610c898ac0169adf1b2d55742/guava-11.0.1.jar:/home/sudarshans/.gradle/caches/modules-2/files-2.1/com.jcraft/jsch/0.1.53/658b682d5c817b27ae795637dfec047c63d29935/jsch-0.1.53.jar:/home/sudarshans/.gradle/caches/modules-2/files-2.1/com.netflix.curator/curator-client/1.3.3/900f2da5dadefe74970a47f80a2013d7c5084b66/curator-client-1.3.3.jar:/home/sudarshans/.gradle/caches/modules-2/files-2.1/com.netflix.curator/curator-framework/1.3.3/c0942063362e7033baf5e2226df739b45a562230/curator-framework-1.3.3.jar:/home/sudarshans/.gradle/caches/modules-2/files-2.1/commons-io/commons-io/2.5/2852e6e05fbb95076fc091f6d1780f1f8fe35e0f/commons-io-2.5.jar:/home/sudarshans/.gradle/caches/modules-2/files-2.1/io.netty/netty/3.7.0.Final/7a8c35599c68c0bf383df74469aa3e03d9aca87/netty-3.7.0.Final.jar:/home/sudarshans/.gradle/caches/modules-2/files-2.1/javax.activation/activation/1.1/e6cb541461c2834bdea3eb920f1884d1eb508b50/activation-1.1.jar:/home/sudarshans/.gradle/caches/modules-2/files-2.1/javax.servlet/javax.servlet-api/3.1.0/3cd63d075497751784b2fa84be59432f4905bf7c/javax.servlet-api-3.1.0.jar:/home/sudarshans/.gradle/caches/modules-2/files-2.1/javax.xml.bind/jaxb-api/2.2.4/6b2a716087415601d701c432fd3bee6c10ce87f4/jaxb-api-2.2.4.jar:/home/sudarshans/.gradle/caches/modules-2/files-2.1/javax.xml.stream/stax-api/1.0-2/d6337b0de8b25e53e81b922352fbea9f9f57ba0b/stax-api-1.0-2.jar:/home/sudarshans/.gradle/caches/modules-2/files-2.1/jline/jline/0.9.94/99a18e9a44834afdebc467294e1138364c207402/jline-0.9.94.jar:/home/sudarshans/.gradle/caches/modules-2/files-2.1/junit/junit/3.8.1/99129f16442844f6a4a11ae22fbbee40b14d774f/junit-3.8.1.jar:/home/sudarshans/.gradle/caches/modules-2/files-2.1/junit/junit/4.12/2973d150c0dc1fefe998f834810d68f278ea58ec/junit-4.12.jar:/home/sudarshans/.gradle/caches/modules-2/files-2.1/log4j/log4j/1.2.17/5af35056b4d257e4b64b9e8069c0746e8b08629f/log4j-1.2.17.jar:/home/sudarshans/.gradle/caches/modules-2/files-2.1/org.apache.commons/commons-lang3/3.1/905075e6c80f206bbe6cf1e809d2caa69f420c76/commons-lang3-3.1.jar:/home/sudarshans/.gradle/caches/modules-2/files-2.1/org.apache.commons/commons-math3/3.5/13af68e9a11576953f5c4b09436f8207be9d3a27/commons-math3-3.5.jar:/home/sudarshans/.gradle/caches/modules-2/files-2.1/org.apache.zookeeper/zookeeper/3.4.6/1b2502e29da1ebaade2357cd1de35a855fa3755/zookeeper-3.4.6.jar:/home/sudarshans/.gradle/caches/modules-2/files-2.1/org.eclipse.jetty.websocket/websocket-api/9.3.4.v20151007/de4198c93d0971d207af73f905ebc8c3ec7e0c57/websocket-api-9.3.4.v20151007.jar:/home/sudarshans/.gradle/caches/modules-2/files-2.1/org.eclipse.jetty.websocket/websocket-client/9.3.4.v20151007/d6235c40669aa8d5e2605973a096c8903e1387ab/websocket-client-9.3.4.v20151007.jar:/home/sudarshans/.gradle/caches/modules-2/files-2.1/org.eclipse.jetty.websocket/websocket-common/9.3.4.v20151007/80761be5d56410c8b31fc14b9b176c6331dfeffe/websocket-common-9.3.4.v20151007.jar:/home/sudarshans/.gradle/caches/modules-2/files-2.1/org.eclipse.jetty/jetty-http/9.3.4.v20151007/f243423bcfee690ee5c29cc6865acf074d654ba8/jetty-http-9.3.4.v20151007.jar:/home/sudarshans/.gradle/caches/modules-2/files-2.1/org.eclipse.jetty/jetty-io/9.3.4.v20151007/3196b4a5b0e18e52032a50659cdb8d8e40f8e884/jetty-io-9.3.4.v20151007.jar:/home/sudarshans/.gradle/caches/modules-2/files-2.1/org.eclipse.jetty/jetty-server/9.3.4.v20151007/c71e1801011d8ece1496884e90a944074f8050ec/jetty-server-9.3.4.v20151007.jar:/home/sudarshans/.gradle/caches/modules-2/files-2.1/org.eclipse.jetty/jetty-util/9.3.4.v20151007/f6d7a3408eff3926e1b7d5473b7673663a835dfc/jetty-util-9.3.4.v20151007.jar:/home/sudarshans/.gradle/caches/modules-2/files-2.1/org.eclipse.persistence/org.eclipse.persistence.antlr/2.5.2/189db51e5a42710f16b5cf880aecc19b2820b0f9/org.eclipse.persistence.antlr-2.5.2.jar:/home/sudarshans/.gradle/caches/modules-2/files-2.1/org.eclipse.persistence/org.eclipse.persistence.asm/2.5.2/83298d74d26bddd95c5025ab2a1e545bb5424739/org.eclipse.persistence.asm-2.5.2.jar:/home/sudarshans/.gradle/caches/modules-2/files-2.1/org.eclipse.persistence/org.eclipse.persistence.core/2.5.2/4c4e53577658440409783942aee0d37da0a67f9/org.eclipse.persistence.core-2.5.2.jar:/home/sudarshans/.gradle/caches/modules-2/files-2.1/org.eclipse.persistence/org.eclipse.persistence.moxy/2.5.2/af39466383e372e3ab4737f6014abe0d69470675/org.eclipse.persistence.moxy-2.5.2.jar:/home/sudarshans/.gradle/caches/modules-2/files-2.1/org.hamcrest/hamcrest-core/1.3/42a25dc3219429f0e5d060061f71acb49bf010a0/hamcrest-core-1.3.jar:/home/sudarshans/.gradle/caches/modules-2/files-2.1/org.javassist/javassist/3.19.0-GA/50120f69224dd8684b445a6f3a5b08fe9b5c60f6/javassist-3.19.0-GA.jar:/home/sudarshans/.gradle/caches/modules-2/files-2.1/org.kamranzafar/jtar/2.2/c24668bac52b5cc47f96640bd01d169edb8e7f32/jtar-2.2.jar:/home/sudarshans/.gradle/caches/modules-2/files-2.1/org.mockito/mockito-all/1.10.19/539df70269cc254a58cccc5d8e43286b4a73bf30/mockito-all-1.10.19.jar:/home/sudarshans/.gradle/caches/modules-2/files-2.1/org.objenesis/objenesis/2.1/87c0ea803b69252868d09308b4618f766f135a96/objenesis-2.1.jar:/home/sudarshans/.gradle/caches/modules-2/files-2.1/org.ow2.asm/asm-commons/5.0.3/a7111830132c7f87d08fe48cb0ca07630f8cb91c/asm-commons-5.0.3.jar:/home/sudarshans/.gradle/caches/modules-2/files-2.1/org.ow2.asm/asm-tree/5.0.3/287749b48ba7162fb67c93a026d690b29f410bed/asm-tree-5.0.3.jar:/home/sudarshans/.gradle/caches/modules-2/files-2.1/org.ow2.asm/asm-util/5.0.3/1512e5571325854b05fb1efce1db75fcced54389/asm-util-5.0.3.jar:/home/sudarshans/.gradle/caches/modules-2/files-2.1/org.ow2.asm/asm/5.0.3/dcc2193db20e19e1feca8b1240dbbc4e190824fa/asm-5.0.3.jar:/home/sudarshans/.gradle/caches/modules-2/files-2.1/org.powermock/powermock-api-mockito/1.6.2/c213230ae20a7b422f3d622a261d0e3427d2464c/powermock-api-mockito-1.6.2.jar:/home/sudarshans/.gradle/caches/modules-2/files-2.1/org.powermock/powermock-api-support/1.6.2/93b21413b4ee99b7bc0dd34e1416fdca96866aaf/powermock-api-support-1.6.2.jar:/home/sudarshans/.gradle/caches/modules-2/files-2.1/org.powermock/powermock-core/1.6.2/ea04e79244e19dcf0c3ccf6863c5b028b4b58c9c/powermock-core-1.6.2.jar:/home/sudarshans/.gradle/caches/modules-2/files-2.1/org.powermock/powermock-module-junit4-common/1.6.2/48dd7406e11a14fe2ae4ab641e1f27510e896640/powermock-module-junit4-common-1.6.2.jar:/home/sudarshans/.gradle/caches/modules-2/files-2.1/org.powermock/powermock-module-junit4/1.6.2/dff58978da716e000463bc1b08013d6a7cf3d696/powermock-module-junit4-1.6.2.jar:/home/sudarshans/.gradle/caches/modules-2/files-2.1/org.powermock/powermock-reflect/1.6.2/1af1bbd1207c3ecdcf64973e6f9d57dcd17cc145/powermock-reflect-1.6.2.jar:/home/sudarshans/.gradle/caches/modules-2/files-2.1/org.slf4j/slf4j-api/1.7.10/5b338f206827d88acd890739f400a9b7664e5984/slf4j-api-1.7.10.jar:/home/sudarshans/.gradle/caches/modules-2/files-2.1/org.slf4j/slf4j-log4j12/1.6.1/bd245d6746cdd4e6203e976e21d597a46f115802/slf4j-log4j12-1.6.1.jar:/home/sudarshans/RD/HH_NEW/HungryHippos/client-api/bin:/home/sudarshans/RD/HH_NEW/HungryHippos/configuration-schema/bin:/home/sudarshans/RD/HH_NEW/HungryHippos/coordination/bin:/home/sudarshans/RD/HH_NEW/HungryHippos/utility/bin:/home/sudarshans/.gradle/caches/modules-2/files-2.1/org.apache.zookeeper/zookeeper/3.4.5/c0f69fb36526552a8f0bc548a6c33c49cf08e562/zookeeper-3.4.5.jar:/home/sudarshans/.gradle/caches/modules-2/files-2.1/org.jboss.netty/netty/3.2.2.Final/d4afed2b2038db3f5298da54314575ef194f8bd0/netty-3.2.2.Final.jar:/home/sudarshans/.gradle/caches/modules-2/files-2.1/org.ow2.asm/asm-analysis/5.0.3/c7126aded0e8e13fed5f913559a0dd7b770a10f3/asm-analysis-5.0.3.jar
19-08-2016 19:27:41 INFO  ZooKeeper:100 - Client environment:java.library.path=/usr/java/packages/lib/amd64:/usr/lib64:/lib64:/lib:/usr/lib
19-08-2016 19:27:41 INFO  ZooKeeper:100 - Client environment:java.io.tmpdir=/tmp
19-08-2016 19:27:41 INFO  ZooKeeper:100 - Client environment:java.compiler=<NA>
19-08-2016 19:27:41 INFO  ZooKeeper:100 - Client environment:os.name=Linux
19-08-2016 19:27:41 INFO  ZooKeeper:100 - Client environment:os.arch=amd64
19-08-2016 19:27:41 INFO  ZooKeeper:100 - Client environment:os.version=4.4.0-31-generic
19-08-2016 19:27:41 INFO  ZooKeeper:100 - Client environment:user.name=sudarshans
19-08-2016 19:27:41 INFO  ZooKeeper:100 - Client environment:user.home=/home/sudarshans
19-08-2016 19:27:41 INFO  ZooKeeper:100 - Client environment:user.dir=/home/sudarshans/RD/HH_NEW/HungryHippos/file-system
19-08-2016 19:27:41 INFO  ZooKeeper:438 - Initiating client connection, connectString=localhost:2181 sessionTimeout=86400000 watcher=com.talentica.hungryHippos.coordination.NodesManager@4b0d79fc
19-08-2016 19:27:41 INFO  ClientCnxn:975 - Opening socket connection to server localhost/127.0.0.1:2181. Will not attempt to authenticate using SASL (unknown error)
19-08-2016 19:27:41 INFO  ClientCnxn:852 - Socket connection established to localhost/127.0.0.1:2181, initiating session
19-08-2016 19:27:41 INFO  ClientCnxn:1235 - Session establishment complete on server localhost/127.0.0.1:2181, sessionid = 0x15625efacd80178, negotiated timeout = 40000
19-08-2016 19:27:41 INFO  NodesManager:460 - ZooKeeper client connected to server
19-08-2016 19:27:41 INFO  NodesManager:123 - Connected - Session ID: 96306153362293112
19-08-2016 19:27:58 INFO  Property:59 -  config-path.properties property file is loaded.
19-08-2016 19:28:56 INFO  NodesManagerContext:36 - Initialized the nodes manager.
19-08-2016 19:28:56 INFO  ZooKeeper:100 - Client environment:zookeeper.version=3.4.6-1569965, built on 02/20/2014 09:09 GMT
19-08-2016 19:28:56 INFO  ZooKeeper:100 - Client environment:host.name=sudarshans
19-08-2016 19:28:56 INFO  ZooKeeper:100 - Client environment:java.version=1.8.0_91
19-08-2016 19:28:56 INFO  ZooKeeper:100 - Client environment:java.vendor=Oracle Corporation
19-08-2016 19:28:56 INFO  ZooKeeper:100 - Client environment:java.home=/usr/lib/jvm/java-8-oracle/jre
19-08-2016 19:28:56 INFO  ZooKeeper:100 - Client environment:java.class.path=/home/sudarshans/RD/HH_NEW/HungryHippos/file-system/bin:/home/sudarshans/.gradle/caches/modules-2/files-2.1/com.google.code.findbugs/jsr305/1.3.9/40719ea6961c0cb6afaeb6a921eaa1f6afd4cfdf/jsr305-1.3.9.jar:/home/sudarshans/.gradle/caches/modules-2/files-2.1/com.google.guava/guava/11.0.1/57b40a943725d43610c898ac0169adf1b2d55742/guava-11.0.1.jar:/home/sudarshans/.gradle/caches/modules-2/files-2.1/com.jcraft/jsch/0.1.53/658b682d5c817b27ae795637dfec047c63d29935/jsch-0.1.53.jar:/home/sudarshans/.gradle/caches/modules-2/files-2.1/com.netflix.curator/curator-client/1.3.3/900f2da5dadefe74970a47f80a2013d7c5084b66/curator-client-1.3.3.jar:/home/sudarshans/.gradle/caches/modules-2/files-2.1/com.netflix.curator/curator-framework/1.3.3/c0942063362e7033baf5e2226df739b45a562230/curator-framework-1.3.3.jar:/home/sudarshans/.gradle/caches/modules-2/files-2.1/commons-io/commons-io/2.5/2852e6e05fbb95076fc091f6d1780f1f8fe35e0f/commons-io-2.5.jar:/home/sudarshans/.gradle/caches/modules-2/files-2.1/io.netty/netty/3.7.0.Final/7a8c35599c68c0bf383df74469aa3e03d9aca87/netty-3.7.0.Final.jar:/home/sudarshans/.gradle/caches/modules-2/files-2.1/javax.activation/activation/1.1/e6cb541461c2834bdea3eb920f1884d1eb508b50/activation-1.1.jar:/home/sudarshans/.gradle/caches/modules-2/files-2.1/javax.servlet/javax.servlet-api/3.1.0/3cd63d075497751784b2fa84be59432f4905bf7c/javax.servlet-api-3.1.0.jar:/home/sudarshans/.gradle/caches/modules-2/files-2.1/javax.xml.bind/jaxb-api/2.2.4/6b2a716087415601d701c432fd3bee6c10ce87f4/jaxb-api-2.2.4.jar:/home/sudarshans/.gradle/caches/modules-2/files-2.1/javax.xml.stream/stax-api/1.0-2/d6337b0de8b25e53e81b922352fbea9f9f57ba0b/stax-api-1.0-2.jar:/home/sudarshans/.gradle/caches/modules-2/files-2.1/jline/jline/0.9.94/99a18e9a44834afdebc467294e1138364c207402/jline-0.9.94.jar:/home/sudarshans/.gradle/caches/modules-2/files-2.1/junit/junit/3.8.1/99129f16442844f6a4a11ae22fbbee40b14d774f/junit-3.8.1.jar:/home/sudarshans/.gradle/caches/modules-2/files-2.1/junit/junit/4.12/2973d150c0dc1fefe998f834810d68f278ea58ec/junit-4.12.jar:/home/sudarshans/.gradle/caches/modules-2/files-2.1/log4j/log4j/1.2.17/5af35056b4d257e4b64b9e8069c0746e8b08629f/log4j-1.2.17.jar:/home/sudarshans/.gradle/caches/modules-2/files-2.1/org.apache.commons/commons-lang3/3.1/905075e6c80f206bbe6cf1e809d2caa69f420c76/commons-lang3-3.1.jar:/home/sudarshans/.gradle/caches/modules-2/files-2.1/org.apache.commons/commons-math3/3.5/13af68e9a11576953f5c4b09436f8207be9d3a27/commons-math3-3.5.jar:/home/sudarshans/.gradle/caches/modules-2/files-2.1/org.apache.zookeeper/zookeeper/3.4.6/1b2502e29da1ebaade2357cd1de35a855fa3755/zookeeper-3.4.6.jar:/home/sudarshans/.gradle/caches/modules-2/files-2.1/org.eclipse.jetty.websocket/websocket-api/9.3.4.v20151007/de4198c93d0971d207af73f905ebc8c3ec7e0c57/websocket-api-9.3.4.v20151007.jar:/home/sudarshans/.gradle/caches/modules-2/files-2.1/org.eclipse.jetty.websocket/websocket-client/9.3.4.v20151007/d6235c40669aa8d5e2605973a096c8903e1387ab/websocket-client-9.3.4.v20151007.jar:/home/sudarshans/.gradle/caches/modules-2/files-2.1/org.eclipse.jetty.websocket/websocket-common/9.3.4.v20151007/80761be5d56410c8b31fc14b9b176c6331dfeffe/websocket-common-9.3.4.v20151007.jar:/home/sudarshans/.gradle/caches/modules-2/files-2.1/org.eclipse.jetty/jetty-http/9.3.4.v20151007/f243423bcfee690ee5c29cc6865acf074d654ba8/jetty-http-9.3.4.v20151007.jar:/home/sudarshans/.gradle/caches/modules-2/files-2.1/org.eclipse.jetty/jetty-io/9.3.4.v20151007/3196b4a5b0e18e52032a50659cdb8d8e40f8e884/jetty-io-9.3.4.v20151007.jar:/home/sudarshans/.gradle/caches/modules-2/files-2.1/org.eclipse.jetty/jetty-server/9.3.4.v20151007/c71e1801011d8ece1496884e90a944074f8050ec/jetty-server-9.3.4.v20151007.jar:/home/sudarshans/.gradle/caches/modules-2/files-2.1/org.eclipse.jetty/jetty-util/9.3.4.v20151007/f6d7a3408eff3926e1b7d5473b7673663a835dfc/jetty-util-9.3.4.v20151007.jar:/home/sudarshans/.gradle/caches/modules-2/files-2.1/org.eclipse.persistence/org.eclipse.persistence.antlr/2.5.2/189db51e5a42710f16b5cf880aecc19b2820b0f9/org.eclipse.persistence.antlr-2.5.2.jar:/home/sudarshans/.gradle/caches/modules-2/files-2.1/org.eclipse.persistence/org.eclipse.persistence.asm/2.5.2/83298d74d26bddd95c5025ab2a1e545bb5424739/org.eclipse.persistence.asm-2.5.2.jar:/home/sudarshans/.gradle/caches/modules-2/files-2.1/org.eclipse.persistence/org.eclipse.persistence.core/2.5.2/4c4e53577658440409783942aee0d37da0a67f9/org.eclipse.persistence.core-2.5.2.jar:/home/sudarshans/.gradle/caches/modules-2/files-2.1/org.eclipse.persistence/org.eclipse.persistence.moxy/2.5.2/af39466383e372e3ab4737f6014abe0d69470675/org.eclipse.persistence.moxy-2.5.2.jar:/home/sudarshans/.gradle/caches/modules-2/files-2.1/org.hamcrest/hamcrest-core/1.3/42a25dc3219429f0e5d060061f71acb49bf010a0/hamcrest-core-1.3.jar:/home/sudarshans/.gradle/caches/modules-2/files-2.1/org.javassist/javassist/3.19.0-GA/50120f69224dd8684b445a6f3a5b08fe9b5c60f6/javassist-3.19.0-GA.jar:/home/sudarshans/.gradle/caches/modules-2/files-2.1/org.kamranzafar/jtar/2.2/c24668bac52b5cc47f96640bd01d169edb8e7f32/jtar-2.2.jar:/home/sudarshans/.gradle/caches/modules-2/files-2.1/org.mockito/mockito-all/1.10.19/539df70269cc254a58cccc5d8e43286b4a73bf30/mockito-all-1.10.19.jar:/home/sudarshans/.gradle/caches/modules-2/files-2.1/org.objenesis/objenesis/2.1/87c0ea803b69252868d09308b4618f766f135a96/objenesis-2.1.jar:/home/sudarshans/.gradle/caches/modules-2/files-2.1/org.ow2.asm/asm-commons/5.0.3/a7111830132c7f87d08fe48cb0ca07630f8cb91c/asm-commons-5.0.3.jar:/home/sudarshans/.gradle/caches/modules-2/files-2.1/org.ow2.asm/asm-tree/5.0.3/287749b48ba7162fb67c93a026d690b29f410bed/asm-tree-5.0.3.jar:/home/sudarshans/.gradle/caches/modules-2/files-2.1/org.ow2.asm/asm-util/5.0.3/1512e5571325854b05fb1efce1db75fcced54389/asm-util-5.0.3.jar:/home/sudarshans/.gradle/caches/modules-2/files-2.1/org.ow2.asm/asm/5.0.3/dcc2193db20e19e1feca8b1240dbbc4e190824fa/asm-5.0.3.jar:/home/sudarshans/.gradle/caches/modules-2/files-2.1/org.powermock/powermock-api-mockito/1.6.2/c213230ae20a7b422f3d622a261d0e3427d2464c/powermock-api-mockito-1.6.2.jar:/home/sudarshans/.gradle/caches/modules-2/files-2.1/org.powermock/powermock-api-support/1.6.2/93b21413b4ee99b7bc0dd34e1416fdca96866aaf/powermock-api-support-1.6.2.jar:/home/sudarshans/.gradle/caches/modules-2/files-2.1/org.powermock/powermock-core/1.6.2/ea04e79244e19dcf0c3ccf6863c5b028b4b58c9c/powermock-core-1.6.2.jar:/home/sudarshans/.gradle/caches/modules-2/files-2.1/org.powermock/powermock-module-junit4-common/1.6.2/48dd7406e11a14fe2ae4ab641e1f27510e896640/powermock-module-junit4-common-1.6.2.jar:/home/sudarshans/.gradle/caches/modules-2/files-2.1/org.powermock/powermock-module-junit4/1.6.2/dff58978da716e000463bc1b08013d6a7cf3d696/powermock-module-junit4-1.6.2.jar:/home/sudarshans/.gradle/caches/modules-2/files-2.1/org.powermock/powermock-reflect/1.6.2/1af1bbd1207c3ecdcf64973e6f9d57dcd17cc145/powermock-reflect-1.6.2.jar:/home/sudarshans/.gradle/caches/modules-2/files-2.1/org.slf4j/slf4j-api/1.7.10/5b338f206827d88acd890739f400a9b7664e5984/slf4j-api-1.7.10.jar:/home/sudarshans/.gradle/caches/modules-2/files-2.1/org.slf4j/slf4j-log4j12/1.6.1/bd245d6746cdd4e6203e976e21d597a46f115802/slf4j-log4j12-1.6.1.jar:/home/sudarshans/RD/HH_NEW/HungryHippos/client-api/bin:/home/sudarshans/RD/HH_NEW/HungryHippos/configuration-schema/bin:/home/sudarshans/RD/HH_NEW/HungryHippos/coordination/bin:/home/sudarshans/RD/HH_NEW/HungryHippos/utility/bin:/home/sudarshans/.gradle/caches/modules-2/files-2.1/org.apache.zookeeper/zookeeper/3.4.5/c0f69fb36526552a8f0bc548a6c33c49cf08e562/zookeeper-3.4.5.jar:/home/sudarshans/.gradle/caches/modules-2/files-2.1/org.jboss.netty/netty/3.2.2.Final/d4afed2b2038db3f5298da54314575ef194f8bd0/netty-3.2.2.Final.jar:/home/sudarshans/.gradle/caches/modules-2/files-2.1/org.ow2.asm/asm-analysis/5.0.3/c7126aded0e8e13fed5f913559a0dd7b770a10f3/asm-analysis-5.0.3.jar
19-08-2016 19:28:56 INFO  ZooKeeper:100 - Client environment:java.library.path=/usr/java/packages/lib/amd64:/usr/lib64:/lib64:/lib:/usr/lib
19-08-2016 19:28:56 INFO  ZooKeeper:100 - Client environment:java.io.tmpdir=/tmp
19-08-2016 19:28:56 INFO  ZooKeeper:100 - Client environment:java.compiler=<NA>
19-08-2016 19:28:56 INFO  ZooKeeper:100 - Client environment:os.name=Linux
19-08-2016 19:28:56 INFO  ZooKeeper:100 - Client environment:os.arch=amd64
19-08-2016 19:28:56 INFO  ZooKeeper:100 - Client environment:os.version=4.4.0-31-generic
19-08-2016 19:28:56 INFO  ZooKeeper:100 - Client environment:user.name=sudarshans
19-08-2016 19:28:56 INFO  ZooKeeper:100 - Client environment:user.home=/home/sudarshans
19-08-2016 19:28:56 INFO  ZooKeeper:100 - Client environment:user.dir=/home/sudarshans/RD/HH_NEW/HungryHippos/file-system
19-08-2016 19:28:56 INFO  ZooKeeper:438 - Initiating client connection, connectString=localhost:2181 sessionTimeout=86400000 watcher=com.talentica.hungryHippos.coordination.NodesManager@7dc222ae
19-08-2016 19:28:56 INFO  ClientCnxn:975 - Opening socket connection to server localhost/127.0.0.1:2181. Will not attempt to authenticate using SASL (unknown error)
19-08-2016 19:28:56 INFO  ClientCnxn:852 - Socket connection established to localhost/127.0.0.1:2181, initiating session
19-08-2016 19:28:56 INFO  ClientCnxn:1235 - Session establishment complete on server localhost/127.0.0.1:2181, sessionid = 0x15625efacd80179, negotiated timeout = 40000
19-08-2016 19:28:56 INFO  NodesManager:460 - ZooKeeper client connected to server
19-08-2016 19:28:56 INFO  NodesManager:123 - Connected - Session ID: 96306153362293113
19-08-2016 19:28:56 INFO  Property:59 -  config-path.properties property file is loaded.
19-08-2016 19:29:11 INFO  NodesManagerContext:36 - Initialized the nodes manager.
19-08-2016 19:29:11 INFO  ZooKeeper:100 - Client environment:zookeeper.version=3.4.6-1569965, built on 02/20/2014 09:09 GMT
19-08-2016 19:29:11 INFO  ZooKeeper:100 - Client environment:host.name=sudarshans
19-08-2016 19:29:11 INFO  ZooKeeper:100 - Client environment:java.version=1.8.0_91
19-08-2016 19:29:11 INFO  ZooKeeper:100 - Client environment:java.vendor=Oracle Corporation
19-08-2016 19:29:11 INFO  ZooKeeper:100 - Client environment:java.home=/usr/lib/jvm/java-8-oracle/jre
19-08-2016 19:29:11 INFO  ZooKeeper:100 - Client environment:java.class.path=/home/sudarshans/RD/HH_NEW/HungryHippos/file-system/bin:/home/sudarshans/.gradle/caches/modules-2/files-2.1/com.google.code.findbugs/jsr305/1.3.9/40719ea6961c0cb6afaeb6a921eaa1f6afd4cfdf/jsr305-1.3.9.jar:/home/sudarshans/.gradle/caches/modules-2/files-2.1/com.google.guava/guava/11.0.1/57b40a943725d43610c898ac0169adf1b2d55742/guava-11.0.1.jar:/home/sudarshans/.gradle/caches/modules-2/files-2.1/com.jcraft/jsch/0.1.53/658b682d5c817b27ae795637dfec047c63d29935/jsch-0.1.53.jar:/home/sudarshans/.gradle/caches/modules-2/files-2.1/com.netflix.curator/curator-client/1.3.3/900f2da5dadefe74970a47f80a2013d7c5084b66/curator-client-1.3.3.jar:/home/sudarshans/.gradle/caches/modules-2/files-2.1/com.netflix.curator/curator-framework/1.3.3/c0942063362e7033baf5e2226df739b45a562230/curator-framework-1.3.3.jar:/home/sudarshans/.gradle/caches/modules-2/files-2.1/commons-io/commons-io/2.5/2852e6e05fbb95076fc091f6d1780f1f8fe35e0f/commons-io-2.5.jar:/home/sudarshans/.gradle/caches/modules-2/files-2.1/io.netty/netty/3.7.0.Final/7a8c35599c68c0bf383df74469aa3e03d9aca87/netty-3.7.0.Final.jar:/home/sudarshans/.gradle/caches/modules-2/files-2.1/javax.activation/activation/1.1/e6cb541461c2834bdea3eb920f1884d1eb508b50/activation-1.1.jar:/home/sudarshans/.gradle/caches/modules-2/files-2.1/javax.servlet/javax.servlet-api/3.1.0/3cd63d075497751784b2fa84be59432f4905bf7c/javax.servlet-api-3.1.0.jar:/home/sudarshans/.gradle/caches/modules-2/files-2.1/javax.xml.bind/jaxb-api/2.2.4/6b2a716087415601d701c432fd3bee6c10ce87f4/jaxb-api-2.2.4.jar:/home/sudarshans/.gradle/caches/modules-2/files-2.1/javax.xml.stream/stax-api/1.0-2/d6337b0de8b25e53e81b922352fbea9f9f57ba0b/stax-api-1.0-2.jar:/home/sudarshans/.gradle/caches/modules-2/files-2.1/jline/jline/0.9.94/99a18e9a44834afdebc467294e1138364c207402/jline-0.9.94.jar:/home/sudarshans/.gradle/caches/modules-2/files-2.1/junit/junit/3.8.1/99129f16442844f6a4a11ae22fbbee40b14d774f/junit-3.8.1.jar:/home/sudarshans/.gradle/caches/modules-2/files-2.1/junit/junit/4.12/2973d150c0dc1fefe998f834810d68f278ea58ec/junit-4.12.jar:/home/sudarshans/.gradle/caches/modules-2/files-2.1/log4j/log4j/1.2.17/5af35056b4d257e4b64b9e8069c0746e8b08629f/log4j-1.2.17.jar:/home/sudarshans/.gradle/caches/modules-2/files-2.1/org.apache.commons/commons-lang3/3.1/905075e6c80f206bbe6cf1e809d2caa69f420c76/commons-lang3-3.1.jar:/home/sudarshans/.gradle/caches/modules-2/files-2.1/org.apache.commons/commons-math3/3.5/13af68e9a11576953f5c4b09436f8207be9d3a27/commons-math3-3.5.jar:/home/sudarshans/.gradle/caches/modules-2/files-2.1/org.apache.zookeeper/zookeeper/3.4.6/1b2502e29da1ebaade2357cd1de35a855fa3755/zookeeper-3.4.6.jar:/home/sudarshans/.gradle/caches/modules-2/files-2.1/org.eclipse.jetty.websocket/websocket-api/9.3.4.v20151007/de4198c93d0971d207af73f905ebc8c3ec7e0c57/websocket-api-9.3.4.v20151007.jar:/home/sudarshans/.gradle/caches/modules-2/files-2.1/org.eclipse.jetty.websocket/websocket-client/9.3.4.v20151007/d6235c40669aa8d5e2605973a096c8903e1387ab/websocket-client-9.3.4.v20151007.jar:/home/sudarshans/.gradle/caches/modules-2/files-2.1/org.eclipse.jetty.websocket/websocket-common/9.3.4.v20151007/80761be5d56410c8b31fc14b9b176c6331dfeffe/websocket-common-9.3.4.v20151007.jar:/home/sudarshans/.gradle/caches/modules-2/files-2.1/org.eclipse.jetty/jetty-http/9.3.4.v20151007/f243423bcfee690ee5c29cc6865acf074d654ba8/jetty-http-9.3.4.v20151007.jar:/home/sudarshans/.gradle/caches/modules-2/files-2.1/org.eclipse.jetty/jetty-io/9.3.4.v20151007/3196b4a5b0e18e52032a50659cdb8d8e40f8e884/jetty-io-9.3.4.v20151007.jar:/home/sudarshans/.gradle/caches/modules-2/files-2.1/org.eclipse.jetty/jetty-server/9.3.4.v20151007/c71e1801011d8ece1496884e90a944074f8050ec/jetty-server-9.3.4.v20151007.jar:/home/sudarshans/.gradle/caches/modules-2/files-2.1/org.eclipse.jetty/jetty-util/9.3.4.v20151007/f6d7a3408eff3926e1b7d5473b7673663a835dfc/jetty-util-9.3.4.v20151007.jar:/home/sudarshans/.gradle/caches/modules-2/files-2.1/org.eclipse.persistence/org.eclipse.persistence.antlr/2.5.2/189db51e5a42710f16b5cf880aecc19b2820b0f9/org.eclipse.persistence.antlr-2.5.2.jar:/home/sudarshans/.gradle/caches/modules-2/files-2.1/org.eclipse.persistence/org.eclipse.persistence.asm/2.5.2/83298d74d26bddd95c5025ab2a1e545bb5424739/org.eclipse.persistence.asm-2.5.2.jar:/home/sudarshans/.gradle/caches/modules-2/files-2.1/org.eclipse.persistence/org.eclipse.persistence.core/2.5.2/4c4e53577658440409783942aee0d37da0a67f9/org.eclipse.persistence.core-2.5.2.jar:/home/sudarshans/.gradle/caches/modules-2/files-2.1/org.eclipse.persistence/org.eclipse.persistence.moxy/2.5.2/af39466383e372e3ab4737f6014abe0d69470675/org.eclipse.persistence.moxy-2.5.2.jar:/home/sudarshans/.gradle/caches/modules-2/files-2.1/org.hamcrest/hamcrest-core/1.3/42a25dc3219429f0e5d060061f71acb49bf010a0/hamcrest-core-1.3.jar:/home/sudarshans/.gradle/caches/modules-2/files-2.1/org.javassist/javassist/3.19.0-GA/50120f69224dd8684b445a6f3a5b08fe9b5c60f6/javassist-3.19.0-GA.jar:/home/sudarshans/.gradle/caches/modules-2/files-2.1/org.kamranzafar/jtar/2.2/c24668bac52b5cc47f96640bd01d169edb8e7f32/jtar-2.2.jar:/home/sudarshans/.gradle/caches/modules-2/files-2.1/org.mockito/mockito-all/1.10.19/539df70269cc254a58cccc5d8e43286b4a73bf30/mockito-all-1.10.19.jar:/home/sudarshans/.gradle/caches/modules-2/files-2.1/org.objenesis/objenesis/2.1/87c0ea803b69252868d09308b4618f766f135a96/objenesis-2.1.jar:/home/sudarshans/.gradle/caches/modules-2/files-2.1/org.ow2.asm/asm-commons/5.0.3/a7111830132c7f87d08fe48cb0ca07630f8cb91c/asm-commons-5.0.3.jar:/home/sudarshans/.gradle/caches/modules-2/files-2.1/org.ow2.asm/asm-tree/5.0.3/287749b48ba7162fb67c93a026d690b29f410bed/asm-tree-5.0.3.jar:/home/sudarshans/.gradle/caches/modules-2/files-2.1/org.ow2.asm/asm-util/5.0.3/1512e5571325854b05fb1efce1db75fcced54389/asm-util-5.0.3.jar:/home/sudarshans/.gradle/caches/modules-2/files-2.1/org.ow2.asm/asm/5.0.3/dcc2193db20e19e1feca8b1240dbbc4e190824fa/asm-5.0.3.jar:/home/sudarshans/.gradle/caches/modules-2/files-2.1/org.powermock/powermock-api-mockito/1.6.2/c213230ae20a7b422f3d622a261d0e3427d2464c/powermock-api-mockito-1.6.2.jar:/home/sudarshans/.gradle/caches/modules-2/files-2.1/org.powermock/powermock-api-support/1.6.2/93b21413b4ee99b7bc0dd34e1416fdca96866aaf/powermock-api-support-1.6.2.jar:/home/sudarshans/.gradle/caches/modules-2/files-2.1/org.powermock/powermock-core/1.6.2/ea04e79244e19dcf0c3ccf6863c5b028b4b58c9c/powermock-core-1.6.2.jar:/home/sudarshans/.gradle/caches/modules-2/files-2.1/org.powermock/powermock-module-junit4-common/1.6.2/48dd7406e11a14fe2ae4ab641e1f27510e896640/powermock-module-junit4-common-1.6.2.jar:/home/sudarshans/.gradle/caches/modules-2/files-2.1/org.powermock/powermock-module-junit4/1.6.2/dff58978da716e000463bc1b08013d6a7cf3d696/powermock-module-junit4-1.6.2.jar:/home/sudarshans/.gradle/caches/modules-2/files-2.1/org.powermock/powermock-reflect/1.6.2/1af1bbd1207c3ecdcf64973e6f9d57dcd17cc145/powermock-reflect-1.6.2.jar:/home/sudarshans/.gradle/caches/modules-2/files-2.1/org.slf4j/slf4j-api/1.7.10/5b338f206827d88acd890739f400a9b7664e5984/slf4j-api-1.7.10.jar:/home/sudarshans/.gradle/caches/modules-2/files-2.1/org.slf4j/slf4j-log4j12/1.6.1/bd245d6746cdd4e6203e976e21d597a46f115802/slf4j-log4j12-1.6.1.jar:/home/sudarshans/RD/HH_NEW/HungryHippos/client-api/bin:/home/sudarshans/RD/HH_NEW/HungryHippos/configuration-schema/bin:/home/sudarshans/RD/HH_NEW/HungryHippos/coordination/bin:/home/sudarshans/RD/HH_NEW/HungryHippos/utility/bin:/home/sudarshans/.gradle/caches/modules-2/files-2.1/org.apache.zookeeper/zookeeper/3.4.5/c0f69fb36526552a8f0bc548a6c33c49cf08e562/zookeeper-3.4.5.jar:/home/sudarshans/.gradle/caches/modules-2/files-2.1/org.jboss.netty/netty/3.2.2.Final/d4afed2b2038db3f5298da54314575ef194f8bd0/netty-3.2.2.Final.jar:/home/sudarshans/.gradle/caches/modules-2/files-2.1/org.ow2.asm/asm-analysis/5.0.3/c7126aded0e8e13fed5f913559a0dd7b770a10f3/asm-analysis-5.0.3.jar
19-08-2016 19:29:11 INFO  ZooKeeper:100 - Client environment:java.library.path=/usr/java/packages/lib/amd64:/usr/lib64:/lib64:/lib:/usr/lib
19-08-2016 19:29:11 INFO  ZooKeeper:100 - Client environment:java.io.tmpdir=/tmp
19-08-2016 19:29:11 INFO  ZooKeeper:100 - Client environment:java.compiler=<NA>
19-08-2016 19:29:11 INFO  ZooKeeper:100 - Client environment:os.name=Linux
19-08-2016 19:29:11 INFO  ZooKeeper:100 - Client environment:os.arch=amd64
19-08-2016 19:29:11 INFO  ZooKeeper:100 - Client environment:os.version=4.4.0-31-generic
19-08-2016 19:29:11 INFO  ZooKeeper:100 - Client environment:user.name=sudarshans
19-08-2016 19:29:11 INFO  ZooKeeper:100 - Client environment:user.home=/home/sudarshans
19-08-2016 19:29:11 INFO  ZooKeeper:100 - Client environment:user.dir=/home/sudarshans/RD/HH_NEW/HungryHippos/file-system
19-08-2016 19:29:11 INFO  ZooKeeper:438 - Initiating client connection, connectString=localhost:2181 sessionTimeout=86400000 watcher=com.talentica.hungryHippos.coordination.NodesManager@4b0d79fc
19-08-2016 19:29:11 INFO  ClientCnxn:975 - Opening socket connection to server localhost/127.0.0.1:2181. Will not attempt to authenticate using SASL (unknown error)
19-08-2016 19:29:11 INFO  ClientCnxn:852 - Socket connection established to localhost/127.0.0.1:2181, initiating session
19-08-2016 19:29:11 INFO  ClientCnxn:1235 - Session establishment complete on server localhost/127.0.0.1:2181, sessionid = 0x15625efacd8017a, negotiated timeout = 40000
19-08-2016 19:29:11 INFO  NodesManager:460 - ZooKeeper client connected to server
19-08-2016 19:29:11 INFO  NodesManager:123 - Connected - Session ID: 96306153362293114
19-08-2016 19:29:12 INFO  Property:59 -  config-path.properties property file is loaded.
19-08-2016 19:31:28 INFO  NodesManager:388 - Server Monitoring Path [/rootnode/file-system/test/a.txt] is created
19-08-2016 19:33:25 INFO  ExecuteShellCommand:54 - user root
19-08-2016 19:33:25 INFO  ExecuteShellCommand:54 - operation delete
19-08-2016 19:33:25 INFO  ExecuteShellCommand:54 - fName  /test/a.txt
19-08-2016 19:33:26 INFO  ExecuteShellCommand:54 - create Node Files if successful then create zookeeper files
19-08-2016 19:33:27 INFO  ExecuteShellCommand:54 - logging in to the cluster node 139.59.22.184
19-08-2016 19:33:38 INFO  ExecuteShellCommand:54 - user root
19-08-2016 19:33:39 INFO  ExecuteShellCommand:54 - operation delete
19-08-2016 19:33:39 INFO  ExecuteShellCommand:54 - fName  /test/a.txt
19-08-2016 19:33:40 INFO  ExecuteShellCommand:54 - create Node Files if successful then create zookeeper files
19-08-2016 19:33:40 INFO  ExecuteShellCommand:54 - logging in to the cluster node 139.59.22.186
19-08-2016 19:33:45 INFO  ExecuteShellCommand:54 - user root
19-08-2016 19:33:46 INFO  ExecuteShellCommand:54 - operation delete
19-08-2016 19:33:46 INFO  ExecuteShellCommand:54 - fName  /test/a.txt
19-08-2016 19:33:47 INFO  ExecuteShellCommand:54 - create Node Files if successful then create zookeeper files
19-08-2016 19:33:47 INFO  ExecuteShellCommand:54 - logging in to the cluster node 139.59.22.187
19-08-2016 19:34:04 INFO  NodesManagerContext:36 - Initialized the nodes manager.
19-08-2016 19:34:04 INFO  ZooKeeper:100 - Client environment:zookeeper.version=3.4.6-1569965, built on 02/20/2014 09:09 GMT
19-08-2016 19:34:04 INFO  ZooKeeper:100 - Client environment:host.name=sudarshans
19-08-2016 19:34:04 INFO  ZooKeeper:100 - Client environment:java.version=1.8.0_91
19-08-2016 19:34:04 INFO  ZooKeeper:100 - Client environment:java.vendor=Oracle Corporation
19-08-2016 19:34:04 INFO  ZooKeeper:100 - Client environment:java.home=/usr/lib/jvm/java-8-oracle/jre
19-08-2016 19:34:04 INFO  ZooKeeper:100 - Client environment:java.class.path=/home/sudarshans/RD/HH_NEW/HungryHippos/file-system/bin:/home/sudarshans/.gradle/caches/modules-2/files-2.1/com.google.code.findbugs/jsr305/1.3.9/40719ea6961c0cb6afaeb6a921eaa1f6afd4cfdf/jsr305-1.3.9.jar:/home/sudarshans/.gradle/caches/modules-2/files-2.1/com.google.guava/guava/11.0.1/57b40a943725d43610c898ac0169adf1b2d55742/guava-11.0.1.jar:/home/sudarshans/.gradle/caches/modules-2/files-2.1/com.jcraft/jsch/0.1.53/658b682d5c817b27ae795637dfec047c63d29935/jsch-0.1.53.jar:/home/sudarshans/.gradle/caches/modules-2/files-2.1/com.netflix.curator/curator-client/1.3.3/900f2da5dadefe74970a47f80a2013d7c5084b66/curator-client-1.3.3.jar:/home/sudarshans/.gradle/caches/modules-2/files-2.1/com.netflix.curator/curator-framework/1.3.3/c0942063362e7033baf5e2226df739b45a562230/curator-framework-1.3.3.jar:/home/sudarshans/.gradle/caches/modules-2/files-2.1/commons-io/commons-io/2.5/2852e6e05fbb95076fc091f6d1780f1f8fe35e0f/commons-io-2.5.jar:/home/sudarshans/.gradle/caches/modules-2/files-2.1/io.netty/netty/3.7.0.Final/7a8c35599c68c0bf383df74469aa3e03d9aca87/netty-3.7.0.Final.jar:/home/sudarshans/.gradle/caches/modules-2/files-2.1/javax.activation/activation/1.1/e6cb541461c2834bdea3eb920f1884d1eb508b50/activation-1.1.jar:/home/sudarshans/.gradle/caches/modules-2/files-2.1/javax.servlet/javax.servlet-api/3.1.0/3cd63d075497751784b2fa84be59432f4905bf7c/javax.servlet-api-3.1.0.jar:/home/sudarshans/.gradle/caches/modules-2/files-2.1/javax.xml.bind/jaxb-api/2.2.4/6b2a716087415601d701c432fd3bee6c10ce87f4/jaxb-api-2.2.4.jar:/home/sudarshans/.gradle/caches/modules-2/files-2.1/javax.xml.stream/stax-api/1.0-2/d6337b0de8b25e53e81b922352fbea9f9f57ba0b/stax-api-1.0-2.jar:/home/sudarshans/.gradle/caches/modules-2/files-2.1/jline/jline/0.9.94/99a18e9a44834afdebc467294e1138364c207402/jline-0.9.94.jar:/home/sudarshans/.gradle/caches/modules-2/files-2.1/junit/junit/3.8.1/99129f16442844f6a4a11ae22fbbee40b14d774f/junit-3.8.1.jar:/home/sudarshans/.gradle/caches/modules-2/files-2.1/junit/junit/4.12/2973d150c0dc1fefe998f834810d68f278ea58ec/junit-4.12.jar:/home/sudarshans/.gradle/caches/modules-2/files-2.1/log4j/log4j/1.2.17/5af35056b4d257e4b64b9e8069c0746e8b08629f/log4j-1.2.17.jar:/home/sudarshans/.gradle/caches/modules-2/files-2.1/org.apache.commons/commons-lang3/3.1/905075e6c80f206bbe6cf1e809d2caa69f420c76/commons-lang3-3.1.jar:/home/sudarshans/.gradle/caches/modules-2/files-2.1/org.apache.commons/commons-math3/3.5/13af68e9a11576953f5c4b09436f8207be9d3a27/commons-math3-3.5.jar:/home/sudarshans/.gradle/caches/modules-2/files-2.1/org.apache.zookeeper/zookeeper/3.4.6/1b2502e29da1ebaade2357cd1de35a855fa3755/zookeeper-3.4.6.jar:/home/sudarshans/.gradle/caches/modules-2/files-2.1/org.eclipse.jetty.websocket/websocket-api/9.3.4.v20151007/de4198c93d0971d207af73f905ebc8c3ec7e0c57/websocket-api-9.3.4.v20151007.jar:/home/sudarshans/.gradle/caches/modules-2/files-2.1/org.eclipse.jetty.websocket/websocket-client/9.3.4.v20151007/d6235c40669aa8d5e2605973a096c8903e1387ab/websocket-client-9.3.4.v20151007.jar:/home/sudarshans/.gradle/caches/modules-2/files-2.1/org.eclipse.jetty.websocket/websocket-common/9.3.4.v20151007/80761be5d56410c8b31fc14b9b176c6331dfeffe/websocket-common-9.3.4.v20151007.jar:/home/sudarshans/.gradle/caches/modules-2/files-2.1/org.eclipse.jetty/jetty-http/9.3.4.v20151007/f243423bcfee690ee5c29cc6865acf074d654ba8/jetty-http-9.3.4.v20151007.jar:/home/sudarshans/.gradle/caches/modules-2/files-2.1/org.eclipse.jetty/jetty-io/9.3.4.v20151007/3196b4a5b0e18e52032a50659cdb8d8e40f8e884/jetty-io-9.3.4.v20151007.jar:/home/sudarshans/.gradle/caches/modules-2/files-2.1/org.eclipse.jetty/jetty-server/9.3.4.v20151007/c71e1801011d8ece1496884e90a944074f8050ec/jetty-server-9.3.4.v20151007.jar:/home/sudarshans/.gradle/caches/modules-2/files-2.1/org.eclipse.jetty/jetty-util/9.3.4.v20151007/f6d7a3408eff3926e1b7d5473b7673663a835dfc/jetty-util-9.3.4.v20151007.jar:/home/sudarshans/.gradle/caches/modules-2/files-2.1/org.eclipse.persistence/org.eclipse.persistence.antlr/2.5.2/189db51e5a42710f16b5cf880aecc19b2820b0f9/org.eclipse.persistence.antlr-2.5.2.jar:/home/sudarshans/.gradle/caches/modules-2/files-2.1/org.eclipse.persistence/org.eclipse.persistence.asm/2.5.2/83298d74d26bddd95c5025ab2a1e545bb5424739/org.eclipse.persistence.asm-2.5.2.jar:/home/sudarshans/.gradle/caches/modules-2/files-2.1/org.eclipse.persistence/org.eclipse.persistence.core/2.5.2/4c4e53577658440409783942aee0d37da0a67f9/org.eclipse.persistence.core-2.5.2.jar:/home/sudarshans/.gradle/caches/modules-2/files-2.1/org.eclipse.persistence/org.eclipse.persistence.moxy/2.5.2/af39466383e372e3ab4737f6014abe0d69470675/org.eclipse.persistence.moxy-2.5.2.jar:/home/sudarshans/.gradle/caches/modules-2/files-2.1/org.hamcrest/hamcrest-core/1.3/42a25dc3219429f0e5d060061f71acb49bf010a0/hamcrest-core-1.3.jar:/home/sudarshans/.gradle/caches/modules-2/files-2.1/org.javassist/javassist/3.19.0-GA/50120f69224dd8684b445a6f3a5b08fe9b5c60f6/javassist-3.19.0-GA.jar:/home/sudarshans/.gradle/caches/modules-2/files-2.1/org.kamranzafar/jtar/2.2/c24668bac52b5cc47f96640bd01d169edb8e7f32/jtar-2.2.jar:/home/sudarshans/.gradle/caches/modules-2/files-2.1/org.mockito/mockito-all/1.10.19/539df70269cc254a58cccc5d8e43286b4a73bf30/mockito-all-1.10.19.jar:/home/sudarshans/.gradle/caches/modules-2/files-2.1/org.objenesis/objenesis/2.1/87c0ea803b69252868d09308b4618f766f135a96/objenesis-2.1.jar:/home/sudarshans/.gradle/caches/modules-2/files-2.1/org.ow2.asm/asm-commons/5.0.3/a7111830132c7f87d08fe48cb0ca07630f8cb91c/asm-commons-5.0.3.jar:/home/sudarshans/.gradle/caches/modules-2/files-2.1/org.ow2.asm/asm-tree/5.0.3/287749b48ba7162fb67c93a026d690b29f410bed/asm-tree-5.0.3.jar:/home/sudarshans/.gradle/caches/modules-2/files-2.1/org.ow2.asm/asm-util/5.0.3/1512e5571325854b05fb1efce1db75fcced54389/asm-util-5.0.3.jar:/home/sudarshans/.gradle/caches/modules-2/files-2.1/org.ow2.asm/asm/5.0.3/dcc2193db20e19e1feca8b1240dbbc4e190824fa/asm-5.0.3.jar:/home/sudarshans/.gradle/caches/modules-2/files-2.1/org.powermock/powermock-api-mockito/1.6.2/c213230ae20a7b422f3d622a261d0e3427d2464c/powermock-api-mockito-1.6.2.jar:/home/sudarshans/.gradle/caches/modules-2/files-2.1/org.powermock/powermock-api-support/1.6.2/93b21413b4ee99b7bc0dd34e1416fdca96866aaf/powermock-api-support-1.6.2.jar:/home/sudarshans/.gradle/caches/modules-2/files-2.1/org.powermock/powermock-core/1.6.2/ea04e79244e19dcf0c3ccf6863c5b028b4b58c9c/powermock-core-1.6.2.jar:/home/sudarshans/.gradle/caches/modules-2/files-2.1/org.powermock/powermock-module-junit4-common/1.6.2/48dd7406e11a14fe2ae4ab641e1f27510e896640/powermock-module-junit4-common-1.6.2.jar:/home/sudarshans/.gradle/caches/modules-2/files-2.1/org.powermock/powermock-module-junit4/1.6.2/dff58978da716e000463bc1b08013d6a7cf3d696/powermock-module-junit4-1.6.2.jar:/home/sudarshans/.gradle/caches/modules-2/files-2.1/org.powermock/powermock-reflect/1.6.2/1af1bbd1207c3ecdcf64973e6f9d57dcd17cc145/powermock-reflect-1.6.2.jar:/home/sudarshans/.gradle/caches/modules-2/files-2.1/org.slf4j/slf4j-api/1.7.10/5b338f206827d88acd890739f400a9b7664e5984/slf4j-api-1.7.10.jar:/home/sudarshans/.gradle/caches/modules-2/files-2.1/org.slf4j/slf4j-log4j12/1.6.1/bd245d6746cdd4e6203e976e21d597a46f115802/slf4j-log4j12-1.6.1.jar:/home/sudarshans/RD/HH_NEW/HungryHippos/client-api/bin:/home/sudarshans/RD/HH_NEW/HungryHippos/configuration-schema/bin:/home/sudarshans/RD/HH_NEW/HungryHippos/coordination/bin:/home/sudarshans/RD/HH_NEW/HungryHippos/utility/bin:/home/sudarshans/.gradle/caches/modules-2/files-2.1/org.apache.zookeeper/zookeeper/3.4.5/c0f69fb36526552a8f0bc548a6c33c49cf08e562/zookeeper-3.4.5.jar:/home/sudarshans/.gradle/caches/modules-2/files-2.1/org.jboss.netty/netty/3.2.2.Final/d4afed2b2038db3f5298da54314575ef194f8bd0/netty-3.2.2.Final.jar:/home/sudarshans/.gradle/caches/modules-2/files-2.1/org.ow2.asm/asm-analysis/5.0.3/c7126aded0e8e13fed5f913559a0dd7b770a10f3/asm-analysis-5.0.3.jar
19-08-2016 19:34:04 INFO  ZooKeeper:100 - Client environment:java.library.path=/usr/java/packages/lib/amd64:/usr/lib64:/lib64:/lib:/usr/lib
19-08-2016 19:34:04 INFO  ZooKeeper:100 - Client environment:java.io.tmpdir=/tmp
19-08-2016 19:34:04 INFO  ZooKeeper:100 - Client environment:java.compiler=<NA>
19-08-2016 19:34:04 INFO  ZooKeeper:100 - Client environment:os.name=Linux
19-08-2016 19:34:04 INFO  ZooKeeper:100 - Client environment:os.arch=amd64
19-08-2016 19:34:04 INFO  ZooKeeper:100 - Client environment:os.version=4.4.0-31-generic
19-08-2016 19:34:04 INFO  ZooKeeper:100 - Client environment:user.name=sudarshans
19-08-2016 19:34:04 INFO  ZooKeeper:100 - Client environment:user.home=/home/sudarshans
19-08-2016 19:34:04 INFO  ZooKeeper:100 - Client environment:user.dir=/home/sudarshans/RD/HH_NEW/HungryHippos/file-system
19-08-2016 19:34:04 INFO  ZooKeeper:438 - Initiating client connection, connectString=localhost:2181 sessionTimeout=86400000 watcher=com.talentica.hungryHippos.coordination.NodesManager@31ea9581
19-08-2016 19:34:04 INFO  ClientCnxn:975 - Opening socket connection to server localhost/127.0.0.1:2181. Will not attempt to authenticate using SASL (unknown error)
19-08-2016 19:34:04 INFO  ClientCnxn:852 - Socket connection established to localhost/127.0.0.1:2181, initiating session
19-08-2016 19:34:04 INFO  ClientCnxn:1235 - Session establishment complete on server localhost/127.0.0.1:2181, sessionid = 0x15625efacd8017b, negotiated timeout = 40000
19-08-2016 19:34:04 INFO  NodesManager:460 - ZooKeeper client connected to server
19-08-2016 19:34:04 INFO  NodesManager:123 - Connected - Session ID: 96306153362293115
19-08-2016 19:34:05 INFO  Property:59 -  config-path.properties property file is loaded.
19-08-2016 19:34:28 INFO  NodesManager:840 - Node /rootnode/file-system/test/a.txt is deleted successfully
19-08-2016 19:34:28 INFO  NodesManager:454 - NodeManager watched event [NodeDeleted] for /rootnode/file-system/test/a.txt
19-08-2016 19:34:28 INFO  NodesManager:493 - A node is deleted: /rootnode/file-system/test/a.txt 
19-08-2016 19:34:28 INFO  ZkUtils:359 - Node /rootnode/file-system/test/a.txt is  (/rootnode/file-system/test/a.txt)
23-08-2016 15:40:11 INFO  ExecuteShellCommand:54 - user root
23-08-2016 15:40:11 INFO  ExecuteShellCommand:54 - operation create
23-08-2016 15:40:11 INFO  ExecuteShellCommand:54 - fName  /test/a.txt
23-08-2016 15:40:11 INFO  ExecuteShellCommand:54 - create Node Files if successful then create zookeeper files
23-08-2016 15:40:11 INFO  ExecuteShellCommand:54 - logging in to the cluster node localhost
23-08-2016 15:40:11 ERROR ExecuteShellCommand:62 - ssh: connect to host localhost port 22: Connection refused
23-08-2016 15:40:11 INFO  ExecuteShellCommand:54 - user root
23-08-2016 15:40:11 INFO  ExecuteShellCommand:54 - operation create
23-08-2016 15:40:11 INFO  ExecuteShellCommand:54 - fName  /test/a.txt
23-08-2016 15:40:11 INFO  ExecuteShellCommand:54 - create Node Files if successful then create zookeeper files
23-08-2016 15:40:11 INFO  ExecuteShellCommand:54 - logging in to the cluster node 138.68.62.188
23-08-2016 15:41:05 INFO  NodesManagerContext:36 - Initialized the nodes manager.
23-08-2016 15:41:07 INFO  ZooKeeper:109 - Client environment:zookeeper.version=3.5.1-alpha-1693007, built on 07/28/2015 07:19 GMT
23-08-2016 15:41:07 INFO  ZooKeeper:109 - Client environment:host.name=sudarshans
23-08-2016 15:41:07 INFO  ZooKeeper:109 - Client environment:java.version=1.8.0_91
23-08-2016 15:41:07 INFO  ZooKeeper:109 - Client environment:java.vendor=Oracle Corporation
23-08-2016 15:41:07 INFO  ZooKeeper:109 - Client environment:java.home=/usr/lib/jvm/java-8-oracle/jre
23-08-2016 15:41:07 INFO  ZooKeeper:109 - Client environment:java.class.path=/home/sudarshans/RD/HH_NEW/HungryHippos/file-system/bin:/home/sudarshans/.gradle/caches/modules-2/files-2.1/com.google.code.findbugs/jsr305/3.0.0/5871fb60dc68d67da54a663c3fd636a10a532948/jsr305-3.0.0.jar:/home/sudarshans/.gradle/caches/modules-2/files-2.1/com.google.guava/guava/16.0.1/5fa98cd1a63c99a44dd8d3b77e4762b066a5d0c5/guava-16.0.1.jar:/home/sudarshans/.gradle/caches/modules-2/files-2.1/com.jcraft/jsch/0.1.53/658b682d5c817b27ae795637dfec047c63d29935/jsch-0.1.53.jar:/home/sudarshans/.gradle/caches/modules-2/files-2.1/com.netflix.curator/curator-client/1.3.3/900f2da5dadefe74970a47f80a2013d7c5084b66/curator-client-1.3.3.jar:/home/sudarshans/.gradle/caches/modules-2/files-2.1/com.netflix.curator/curator-framework/1.3.3/c0942063362e7033baf5e2226df739b45a562230/curator-framework-1.3.3.jar:/home/sudarshans/.gradle/caches/modules-2/files-2.1/com.turn/ttorrent-core/1.5/62924ff1de07866cd7dfcd81cac65c944f6ada86/ttorrent-core-1.5.jar:/home/sudarshans/.gradle/caches/modules-2/files-2.1/commons-cli/commons-cli/1.2/2bf96b7aa8b611c177d329452af1dc933e14501c/commons-cli-1.2.jar:/home/sudarshans/.gradle/caches/modules-2/files-2.1/commons-io/commons-io/2.5/2852e6e05fbb95076fc091f6d1780f1f8fe35e0f/commons-io-2.5.jar:/home/sudarshans/.gradle/caches/modules-2/files-2.1/io.netty/netty/3.7.0.Final/7a8c35599c68c0bf383df74469aa3e03d9aca87/netty-3.7.0.Final.jar:/home/sudarshans/.gradle/caches/modules-2/files-2.1/javax.activation/activation/1.1/e6cb541461c2834bdea3eb920f1884d1eb508b50/activation-1.1.jar:/home/sudarshans/.gradle/caches/modules-2/files-2.1/javax.servlet/javax.servlet-api/3.1.0/3cd63d075497751784b2fa84be59432f4905bf7c/javax.servlet-api-3.1.0.jar:/home/sudarshans/.gradle/caches/modules-2/files-2.1/javax.xml.bind/jaxb-api/2.2.4/6b2a716087415601d701c432fd3bee6c10ce87f4/jaxb-api-2.2.4.jar:/home/sudarshans/.gradle/caches/modules-2/files-2.1/javax.xml.stream/stax-api/1.0-2/d6337b0de8b25e53e81b922352fbea9f9f57ba0b/stax-api-1.0-2.jar:/home/sudarshans/.gradle/caches/modules-2/files-2.1/junit/junit/4.12/2973d150c0dc1fefe998f834810d68f278ea58ec/junit-4.12.jar:/home/sudarshans/.gradle/caches/modules-2/files-2.1/log4j/log4j/1.2.17/5af35056b4d257e4b64b9e8069c0746e8b08629f/log4j-1.2.17.jar:/home/sudarshans/.gradle/caches/modules-2/files-2.1/net.java.dev.javacc/javacc/5.0/f19b7d4278b837fe92504946e6860b0bcc180956/javacc-5.0.jar:/home/sudarshans/.gradle/caches/modules-2/files-2.1/org.apache.commons/commons-lang3/3.1/905075e6c80f206bbe6cf1e809d2caa69f420c76/commons-lang3-3.1.jar:/home/sudarshans/.gradle/caches/modules-2/files-2.1/org.apache.commons/commons-math3/3.5/13af68e9a11576953f5c4b09436f8207be9d3a27/commons-math3-3.5.jar:/home/sudarshans/.gradle/caches/modules-2/files-2.1/org.apache.curator/curator-client/3.2.0/967f917acf25b94d15cd42b0889fdce5e5e3a661/curator-client-3.2.0.jar:/home/sudarshans/.gradle/caches/modules-2/files-2.1/org.apache.curator/curator-framework/3.2.0/e5155469271c32e2d46cf8786ad003e0a5dfc341/curator-framework-3.2.0.jar:/home/sudarshans/.gradle/caches/modules-2/files-2.1/org.apache.curator/curator-recipes/3.2.0/d0d2fe9dc3e387ee8e207acb55ea04c4ac7cb190/curator-recipes-3.2.0.jar:/home/sudarshans/.gradle/caches/modules-2/files-2.1/org.apache.zookeeper/zookeeper/3.5.1-alpha/1b4d9ccd567eb0a5ddf11f209688e0b78ee7e1e2/zookeeper-3.5.1-alpha.jar:/home/sudarshans/.gradle/caches/modules-2/files-2.1/org.codehaus.jackson/jackson-core-asl/1.9.13/3c304d70f42f832e0a86d45bd437f692129299a4/jackson-core-asl-1.9.13.jar:/home/sudarshans/.gradle/caches/modules-2/files-2.1/org.codehaus.jackson/jackson-mapper-asl/1.9.13/1ee2f2bed0e5dd29d1cb155a166e6f8d50bbddb7/jackson-mapper-asl-1.9.13.jar:/home/sudarshans/.gradle/caches/modules-2/files-2.1/org.eclipse.jetty.websocket/websocket-api/9.3.4.v20151007/de4198c93d0971d207af73f905ebc8c3ec7e0c57/websocket-api-9.3.4.v20151007.jar:/home/sudarshans/.gradle/caches/modules-2/files-2.1/org.eclipse.jetty.websocket/websocket-client/9.3.4.v20151007/d6235c40669aa8d5e2605973a096c8903e1387ab/websocket-client-9.3.4.v20151007.jar:/home/sudarshans/.gradle/caches/modules-2/files-2.1/org.eclipse.jetty.websocket/websocket-common/9.3.4.v20151007/80761be5d56410c8b31fc14b9b176c6331dfeffe/websocket-common-9.3.4.v20151007.jar:/home/sudarshans/.gradle/caches/modules-2/files-2.1/org.eclipse.jetty/jetty-http/9.3.4.v20151007/f243423bcfee690ee5c29cc6865acf074d654ba8/jetty-http-9.3.4.v20151007.jar:/home/sudarshans/.gradle/caches/modules-2/files-2.1/org.eclipse.jetty/jetty-io/9.3.4.v20151007/3196b4a5b0e18e52032a50659cdb8d8e40f8e884/jetty-io-9.3.4.v20151007.jar:/home/sudarshans/.gradle/caches/modules-2/files-2.1/org.eclipse.jetty/jetty-server/9.3.4.v20151007/c71e1801011d8ece1496884e90a944074f8050ec/jetty-server-9.3.4.v20151007.jar:/home/sudarshans/.gradle/caches/modules-2/files-2.1/org.eclipse.jetty/jetty-util/9.3.4.v20151007/f6d7a3408eff3926e1b7d5473b7673663a835dfc/jetty-util-9.3.4.v20151007.jar:/home/sudarshans/.gradle/caches/modules-2/files-2.1/org.eclipse.persistence/org.eclipse.persistence.antlr/2.5.2/189db51e5a42710f16b5cf880aecc19b2820b0f9/org.eclipse.persistence.antlr-2.5.2.jar:/home/sudarshans/.gradle/caches/modules-2/files-2.1/org.eclipse.persistence/org.eclipse.persistence.asm/2.5.2/83298d74d26bddd95c5025ab2a1e545bb5424739/org.eclipse.persistence.asm-2.5.2.jar:/home/sudarshans/.gradle/caches/modules-2/files-2.1/org.eclipse.persistence/org.eclipse.persistence.core/2.5.2/4c4e53577658440409783942aee0d37da0a67f9/org.eclipse.persistence.core-2.5.2.jar:/home/sudarshans/.gradle/caches/modules-2/files-2.1/org.eclipse.persistence/org.eclipse.persistence.moxy/2.5.2/af39466383e372e3ab4737f6014abe0d69470675/org.eclipse.persistence.moxy-2.5.2.jar:/home/sudarshans/.gradle/caches/modules-2/files-2.1/org.hamcrest/hamcrest-core/1.3/42a25dc3219429f0e5d060061f71acb49bf010a0/hamcrest-core-1.3.jar:/home/sudarshans/.gradle/caches/modules-2/files-2.1/org.javassist/javassist/3.19.0-GA/50120f69224dd8684b445a6f3a5b08fe9b5c60f6/javassist-3.19.0-GA.jar:/home/sudarshans/.gradle/caches/modules-2/files-2.1/org.kamranzafar/jtar/2.2/c24668bac52b5cc47f96640bd01d169edb8e7f32/jtar-2.2.jar:/home/sudarshans/.gradle/caches/modules-2/files-2.1/org.mockito/mockito-all/1.10.19/539df70269cc254a58cccc5d8e43286b4a73bf30/mockito-all-1.10.19.jar:/home/sudarshans/.gradle/caches/modules-2/files-2.1/org.objenesis/objenesis/2.1/87c0ea803b69252868d09308b4618f766f135a96/objenesis-2.1.jar:/home/sudarshans/.gradle/caches/modules-2/files-2.1/org.ow2.asm/asm-commons/5.0.3/a7111830132c7f87d08fe48cb0ca07630f8cb91c/asm-commons-5.0.3.jar:/home/sudarshans/.gradle/caches/modules-2/files-2.1/org.ow2.asm/asm-tree/5.0.3/287749b48ba7162fb67c93a026d690b29f410bed/asm-tree-5.0.3.jar:/home/sudarshans/.gradle/caches/modules-2/files-2.1/org.ow2.asm/asm-util/5.0.3/1512e5571325854b05fb1efce1db75fcced54389/asm-util-5.0.3.jar:/home/sudarshans/.gradle/caches/modules-2/files-2.1/org.ow2.asm/asm/5.0.3/dcc2193db20e19e1feca8b1240dbbc4e190824fa/asm-5.0.3.jar:/home/sudarshans/.gradle/caches/modules-2/files-2.1/org.powermock/powermock-api-mockito/1.6.2/c213230ae20a7b422f3d622a261d0e3427d2464c/powermock-api-mockito-1.6.2.jar:/home/sudarshans/.gradle/caches/modules-2/files-2.1/org.powermock/powermock-api-support/1.6.2/93b21413b4ee99b7bc0dd34e1416fdca96866aaf/powermock-api-support-1.6.2.jar:/home/sudarshans/.gradle/caches/modules-2/files-2.1/org.powermock/powermock-core/1.6.2/ea04e79244e19dcf0c3ccf6863c5b028b4b58c9c/powermock-core-1.6.2.jar:/home/sudarshans/.gradle/caches/modules-2/files-2.1/org.powermock/powermock-module-junit4-common/1.6.2/48dd7406e11a14fe2ae4ab641e1f27510e896640/powermock-module-junit4-common-1.6.2.jar:/home/sudarshans/.gradle/caches/modules-2/files-2.1/org.powermock/powermock-module-junit4/1.6.2/dff58978da716e000463bc1b08013d6a7cf3d696/powermock-module-junit4-1.6.2.jar:/home/sudarshans/.gradle/caches/modules-2/files-2.1/org.powermock/powermock-reflect/1.6.2/1af1bbd1207c3ecdcf64973e6f9d57dcd17cc145/powermock-reflect-1.6.2.jar:/home/sudarshans/.gradle/caches/modules-2/files-2.1/org.simpleframework/simple/4.1.21/3464b9fb0221d1a2593894f93278b0129025b4ba/simple-4.1.21.jar:/home/sudarshans/.gradle/caches/modules-2/files-2.1/org.slf4j/slf4j-api/1.7.10/5b338f206827d88acd890739f400a9b7664e5984/slf4j-api-1.7.10.jar:/home/sudarshans/.gradle/caches/modules-2/files-2.1/org.slf4j/slf4j-log4j12/1.7.5/6edffc576ce104ec769d954618764f39f0f0f10d/slf4j-log4j12-1.7.5.jar:/home/sudarshans/RD/HH_NEW/HungryHippos/client-api/bin:/home/sudarshans/RD/HH_NEW/HungryHippos/configuration-schema/bin:/home/sudarshans/RD/HH_NEW/HungryHippos/coordination/bin:/home/sudarshans/RD/HH_NEW/HungryHippos/data-synchronizer/bin:/home/sudarshans/.gradle/caches/modules-2/files-2.1/junit/junit/4.11/4e031bb61df09069aeb2bffb4019e7a5034a4ee0/junit-4.11.jar:/home/sudarshans/.gradle/caches/modules-2/files-2.1/org.slf4j/slf4j-api/1.7.6/562424e36df3d2327e8e9301a76027fca17d54ea/slf4j-api-1.7.6.jar:/home/sudarshans/.gradle/caches/modules-2/files-2.1/org.slf4j/slf4j-log4j12/1.6.6/5cd9b4fbc3ff6a97beaade3206137d76f65df805/slf4j-log4j12-1.6.6.jar:/home/sudarshans/RD/HH_NEW/HungryHippos/utility/bin:/home/sudarshans/.gradle/caches/modules-2/files-2.1/com.google.code.findbugs/jsr305/1.3.9/40719ea6961c0cb6afaeb6a921eaa1f6afd4cfdf/jsr305-1.3.9.jar:/home/sudarshans/.gradle/caches/modules-2/files-2.1/com.google.guava/guava/11.0.1/57b40a943725d43610c898ac0169adf1b2d55742/guava-11.0.1.jar:/home/sudarshans/.gradle/caches/modules-2/files-2.1/jline/jline/0.9.94/99a18e9a44834afdebc467294e1138364c207402/jline-0.9.94.jar:/home/sudarshans/.gradle/caches/modules-2/files-2.1/org.apache.zookeeper/zookeeper/3.4.5/c0f69fb36526552a8f0bc548a6c33c49cf08e562/zookeeper-3.4.5.jar:/home/sudarshans/.gradle/caches/modules-2/files-2.1/org.jboss.netty/netty/3.2.2.Final/d4afed2b2038db3f5298da54314575ef194f8bd0/netty-3.2.2.Final.jar:/home/sudarshans/.gradle/caches/modules-2/files-2.1/org.ow2.asm/asm-analysis/5.0.3/c7126aded0e8e13fed5f913559a0dd7b770a10f3/asm-analysis-5.0.3.jar:/home/sudarshans/.gradle/caches/modules-2/files-2.1/org.slf4j/slf4j-log4j12/1.6.1/bd245d6746cdd4e6203e976e21d597a46f115802/slf4j-log4j12-1.6.1.jar
23-08-2016 15:41:07 INFO  ZooKeeper:109 - Client environment:java.library.path=/usr/java/packages/lib/amd64:/usr/lib64:/lib64:/lib:/usr/lib
23-08-2016 15:41:07 INFO  ZooKeeper:109 - Client environment:java.io.tmpdir=/tmp
23-08-2016 15:41:07 INFO  ZooKeeper:109 - Client environment:java.compiler=<NA>
23-08-2016 15:41:07 INFO  ZooKeeper:109 - Client environment:os.name=Linux
23-08-2016 15:41:07 INFO  ZooKeeper:109 - Client environment:os.arch=amd64
23-08-2016 15:41:07 INFO  ZooKeeper:109 - Client environment:os.version=4.4.0-31-generic
23-08-2016 15:41:07 INFO  ZooKeeper:109 - Client environment:user.name=sudarshans
23-08-2016 15:41:07 INFO  ZooKeeper:109 - Client environment:user.home=/home/sudarshans
23-08-2016 15:41:07 INFO  ZooKeeper:109 - Client environment:user.dir=/home/sudarshans/RD/HH_NEW/HungryHippos/file-system
23-08-2016 15:41:07 INFO  ZooKeeper:109 - Client environment:os.memory.free=90MB
23-08-2016 15:41:07 INFO  ZooKeeper:109 - Client environment:os.memory.max=1755MB
23-08-2016 15:41:07 INFO  ZooKeeper:109 - Client environment:os.memory.total=119MB
23-08-2016 15:41:07 INFO  ZooKeeper:716 - Initiating client connection, connectString=localhost:2181 sessionTimeout=86400000 watcher=com.talentica.hungryHippos.coordination.NodesManager@2e3967ea
23-08-2016 15:41:07 INFO  ClientCnxn:1138 - Opening socket connection to server localhost/127.0.0.1:2181. Will not attempt to authenticate using SASL (unknown error)
23-08-2016 15:41:07 INFO  ClientCnxn:980 - Socket connection established, initiating session, client: /127.0.0.1:37062, server: localhost/127.0.0.1:2181
23-08-2016 15:41:07 INFO  ClientCnxn:1400 - Session establishment complete on server localhost/127.0.0.1:2181, sessionid = 0x15625efacd80185, negotiated timeout = 40000
23-08-2016 15:41:07 INFO  NodesManager:462 - ZooKeeper client connected to server
23-08-2016 15:41:11 INFO  NodesManager:123 - Connected - Session ID: 96306153362293125
23-08-2016 15:41:16 INFO  Property:59 -  config-path.properties property file is loaded.
